

Started GET "/assets/rails.png" for 127.0.0.1 at 2013-09-30 18:56:57 -0700
Connecting to database specified by database.yml
Served asset /rails.png - 304 Not Modified (268ms)


Started GET "/movies" for 127.0.0.1 at 2013-09-30 18:57:00 -0700
Processing by MoviesController#index as HTML
Completed 500 Internal Server Error in 2ms

ActiveRecord::StatementInvalid (Could not find table 'movies'):
  app/controllers/movies_controller.rb:10:in `index'


  Rendered /home/saasbook/.rvm/gems/ruby-1.9.3-p448/gems/actionpack-3.2.14/lib/action_dispatch/middleware/templates/rescues/_trace.erb (7.2ms)
  Rendered /home/saasbook/.rvm/gems/ruby-1.9.3-p448/gems/actionpack-3.2.14/lib/action_dispatch/middleware/templates/rescues/_request_and_response.erb (1.9ms)
  Rendered /home/saasbook/.rvm/gems/ruby-1.9.3-p448/gems/actionpack-3.2.14/lib/action_dispatch/middleware/templates/rescues/diagnostics.erb within rescues/layout (209.4ms)
Connecting to database specified by database.yml
Connecting to database specified by database.yml
  [1m[36m (0.2ms)[0m  [1mselect sqlite_version(*)[0m
  [1m[35m (56.2ms)[0m  CREATE TABLE "schema_migrations" ("version" varchar(255) NOT NULL) 
  [1m[36m (37.0ms)[0m  [1mCREATE UNIQUE INDEX "unique_schema_migrations" ON "schema_migrations" ("version")[0m
  [1m[35m (15.7ms)[0m  SELECT "schema_migrations"."version" FROM "schema_migrations" 
Migrating to CreateMovies (20111119180638)
  [1m[36m (0.1ms)[0m  [1mbegin transaction[0m
  [1m[35m (7.9ms)[0m  CREATE TABLE "movies" ("id" INTEGER PRIMARY KEY AUTOINCREMENT NOT NULL, "title" varchar(255), "rating" varchar(255), "description" text, "release_date" datetime, "created_at" datetime NOT NULL, "updated_at" datetime NOT NULL) 
  [1m[36m (1.2ms)[0m  [1mINSERT INTO "schema_migrations" ("version") VALUES ('20111119180638')[0m
  [1m[35m (1.9ms)[0m  commit transaction
  [1m[36m (1.5ms)[0m  [1mSELECT "schema_migrations"."version" FROM "schema_migrations" [0m


Started GET "/assets/rails.png" for 127.0.0.1 at 2013-10-30 21:44:28 +0100
Connecting to database specified by database.yml
Served asset /rails.png - 200 OK (19ms)


Started GET "/movie" for 127.0.0.1 at 2013-10-30 21:44:32 +0100

ActionController::RoutingError (No route matches [GET] "/movie"):
  actionpack (3.2.14) lib/action_dispatch/middleware/debug_exceptions.rb:21:in `call'
  actionpack (3.2.14) lib/action_dispatch/middleware/show_exceptions.rb:56:in `call'
  railties (3.2.14) lib/rails/rack/logger.rb:32:in `call_app'
  railties (3.2.14) lib/rails/rack/logger.rb:16:in `block in call'
  activesupport (3.2.14) lib/active_support/tagged_logging.rb:22:in `tagged'
  railties (3.2.14) lib/rails/rack/logger.rb:16:in `call'
  actionpack (3.2.14) lib/action_dispatch/middleware/request_id.rb:22:in `call'
  rack (1.4.5) lib/rack/methodoverride.rb:21:in `call'
  rack (1.4.5) lib/rack/runtime.rb:17:in `call'
  activesupport (3.2.14) lib/active_support/cache/strategy/local_cache.rb:72:in `call'
  rack (1.4.5) lib/rack/lock.rb:15:in `call'
  actionpack (3.2.14) lib/action_dispatch/middleware/static.rb:63:in `call'
  railties (3.2.14) lib/rails/engine.rb:484:in `call'
  railties (3.2.14) lib/rails/application.rb:231:in `call'
  rack (1.4.5) lib/rack/content_length.rb:14:in `call'
  railties (3.2.14) lib/rails/rack/log_tailer.rb:17:in `call'
  rack (1.4.5) lib/rack/handler/webrick.rb:59:in `service'
  /home/gb/.rbenv/versions/1.9.3-p448/lib/ruby/1.9.1/webrick/httpserver.rb:138:in `service'
  /home/gb/.rbenv/versions/1.9.3-p448/lib/ruby/1.9.1/webrick/httpserver.rb:94:in `run'
  /home/gb/.rbenv/versions/1.9.3-p448/lib/ruby/1.9.1/webrick/server.rb:191:in `block in start_thread'


  Rendered /home/gb/.rbenv/versions/1.9.3-p448/lib/ruby/gems/1.9.1/gems/actionpack-3.2.14/lib/action_dispatch/middleware/templates/rescues/routing_error.erb within rescues/layout (40.0ms)


Started GET "/movies" for 127.0.0.1 at 2013-10-30 21:44:35 +0100
Processing by MoviesController#index as HTML
  [1m[36mMovie Load (0.2ms)[0m  [1mSELECT "movies".* FROM "movies" [0m
  Rendered movies/index.html.haml within layouts/application (6.3ms)
Compiled application.css  (0ms)  (pid 23904)
Compiled jquery.js  (25ms)  (pid 23904)
Compiled jquery_ujs.js  (0ms)  (pid 23904)
Compiled application.js  (169ms)  (pid 23904)
Completed 200 OK in 241ms (Views: 227.0ms | ActiveRecord: 0.2ms)


Started GET "/assets/jquery.js?body=1" for 127.0.0.1 at 2013-10-30 21:44:36 +0100
Served asset /jquery.js - 200 OK (7ms)


Started GET "/assets/jquery_ujs.js?body=1" for 127.0.0.1 at 2013-10-30 21:44:36 +0100
Served asset /jquery_ujs.js - 200 OK (4ms)


Started GET "/assets/application.js?body=1" for 127.0.0.1 at 2013-10-30 21:44:36 +0100
Served asset /application.js - 200 OK (6ms)


Started GET "/assets/application.css?body=1" for 127.0.0.1 at 2013-10-30 21:44:36 +0100
Served asset /application.css - 200 OK (1ms)
Connecting to database specified by database.yml
  [1m[36m (33.9ms)[0m  [1mSELECT "schema_migrations"."version" FROM "schema_migrations" [0m
  [1m[35m (0.1ms)[0m  begin transaction
  [1m[36mSQL (70.4ms)[0m  [1mINSERT INTO "movies" ("created_at", "description", "rating", "release_date", "title", "updated_at") VALUES (?, ?, ?, ?, ?, ?)[0m  [["created_at", Wed, 30 Oct 2013 21:04:40 UTC +00:00], ["description", nil], ["rating", "G"], ["release_date", Wed, 25 Nov 1992 00:00:00 UTC +00:00], ["title", "Aladdin"], ["updated_at", Wed, 30 Oct 2013 21:04:40 UTC +00:00]]
  [1m[35m (261.2ms)[0m  commit transaction
  [1m[36m (0.1ms)[0m  [1mbegin transaction[0m
  [1m[35mSQL (0.6ms)[0m  INSERT INTO "movies" ("created_at", "description", "rating", "release_date", "title", "updated_at") VALUES (?, ?, ?, ?, ?, ?)  [["created_at", Wed, 30 Oct 2013 21:04:40 UTC +00:00], ["description", nil], ["rating", "R"], ["release_date", Fri, 26 Oct 1984 00:00:00 UTC +00:00], ["title", "The Terminator"], ["updated_at", Wed, 30 Oct 2013 21:04:40 UTC +00:00]]
  [1m[36m (108.5ms)[0m  [1mcommit transaction[0m
  [1m[35m (0.1ms)[0m  begin transaction
  [1m[36mSQL (0.4ms)[0m  [1mINSERT INTO "movies" ("created_at", "description", "rating", "release_date", "title", "updated_at") VALUES (?, ?, ?, ?, ?, ?)[0m  [["created_at", Wed, 30 Oct 2013 21:04:40 UTC +00:00], ["description", nil], ["rating", "R"], ["release_date", Fri, 21 Jul 1989 00:00:00 UTC +00:00], ["title", "When Harry Met Sally"], ["updated_at", Wed, 30 Oct 2013 21:04:40 UTC +00:00]]
  [1m[35m (144.7ms)[0m  commit transaction
  [1m[36m (0.1ms)[0m  [1mbegin transaction[0m
  [1m[35mSQL (0.4ms)[0m  INSERT INTO "movies" ("created_at", "description", "rating", "release_date", "title", "updated_at") VALUES (?, ?, ?, ?, ?, ?)  [["created_at", Wed, 30 Oct 2013 21:04:41 UTC +00:00], ["description", nil], ["rating", "PG-13"], ["release_date", Wed, 10 Aug 2011 00:00:00 UTC +00:00], ["title", "The Help"], ["updated_at", Wed, 30 Oct 2013 21:04:41 UTC +00:00]]
  [1m[36m (142.9ms)[0m  [1mcommit transaction[0m
  [1m[35m (0.1ms)[0m  begin transaction
  [1m[36mSQL (0.5ms)[0m  [1mINSERT INTO "movies" ("created_at", "description", "rating", "release_date", "title", "updated_at") VALUES (?, ?, ?, ?, ?, ?)[0m  [["created_at", Wed, 30 Oct 2013 21:04:41 UTC +00:00], ["description", nil], ["rating", "PG-13"], ["release_date", Fri, 05 Jan 2001 00:00:00 UTC +00:00], ["title", "Chocolat"], ["updated_at", Wed, 30 Oct 2013 21:04:41 UTC +00:00]]
  [1m[35m (142.8ms)[0m  commit transaction
  [1m[36m (0.1ms)[0m  [1mbegin transaction[0m
  [1m[35mSQL (0.4ms)[0m  INSERT INTO "movies" ("created_at", "description", "rating", "release_date", "title", "updated_at") VALUES (?, ?, ?, ?, ?, ?)  [["created_at", Wed, 30 Oct 2013 21:04:41 UTC +00:00], ["description", nil], ["rating", "R"], ["release_date", Wed, 25 Apr 2001 00:00:00 UTC +00:00], ["title", "Amelie"], ["updated_at", Wed, 30 Oct 2013 21:04:41 UTC +00:00]]
  [1m[36m (198.6ms)[0m  [1mcommit transaction[0m
  [1m[35m (0.1ms)[0m  begin transaction
  [1m[36mSQL (0.7ms)[0m  [1mINSERT INTO "movies" ("created_at", "description", "rating", "release_date", "title", "updated_at") VALUES (?, ?, ?, ?, ?, ?)[0m  [["created_at", Wed, 30 Oct 2013 21:04:41 UTC +00:00], ["description", nil], ["rating", "G"], ["release_date", Sat, 06 Apr 1968 00:00:00 UTC +00:00], ["title", "2001: A Space Odyssey"], ["updated_at", Wed, 30 Oct 2013 21:04:41 UTC +00:00]]
  [1m[35m (119.2ms)[0m  commit transaction
  [1m[36m (0.1ms)[0m  [1mbegin transaction[0m
  [1m[35mSQL (0.5ms)[0m  INSERT INTO "movies" ("created_at", "description", "rating", "release_date", "title", "updated_at") VALUES (?, ?, ?, ?, ?, ?)  [["created_at", Wed, 30 Oct 2013 21:04:41 UTC +00:00], ["description", nil], ["rating", "PG"], ["release_date", Fri, 05 Nov 2004 00:00:00 UTC +00:00], ["title", "The Incredibles"], ["updated_at", Wed, 30 Oct 2013 21:04:41 UTC +00:00]]
  [1m[36m (142.5ms)[0m  [1mcommit transaction[0m
  [1m[35m (0.1ms)[0m  begin transaction
  [1m[36mSQL (0.6ms)[0m  [1mINSERT INTO "movies" ("created_at", "description", "rating", "release_date", "title", "updated_at") VALUES (?, ?, ?, ?, ?, ?)[0m  [["created_at", Wed, 30 Oct 2013 21:04:41 UTC +00:00], ["description", nil], ["rating", "PG"], ["release_date", Fri, 12 Jun 1981 00:00:00 UTC +00:00], ["title", "Raiders of the Lost Ark"], ["updated_at", Wed, 30 Oct 2013 21:04:41 UTC +00:00]]
  [1m[35m (130.9ms)[0m  commit transaction
  [1m[36m (0.1ms)[0m  [1mbegin transaction[0m
  [1m[35mSQL (0.4ms)[0m  INSERT INTO "movies" ("created_at", "description", "rating", "release_date", "title", "updated_at") VALUES (?, ?, ?, ?, ?, ?)  [["created_at", Wed, 30 Oct 2013 21:04:41 UTC +00:00], ["description", nil], ["rating", "G"], ["release_date", Wed, 21 Jun 2000 00:00:00 UTC +00:00], ["title", "Chicken Run"], ["updated_at", Wed, 30 Oct 2013 21:04:41 UTC +00:00]]
  [1m[36m (132.2ms)[0m  [1mcommit transaction[0m


Started GET "/movies" for 127.0.0.1 at 2013-10-30 22:05:19 +0100
Connecting to database specified by database.yml
Processing by MoviesController#index as HTML
  [1m[36mMovie Load (0.4ms)[0m  [1mSELECT "movies".* FROM "movies" [0m
  Rendered movies/index.html.haml within layouts/application (10.5ms)
Completed 200 OK in 63ms (Views: 54.2ms | ActiveRecord: 0.4ms)


Started GET "/assets/application.css?body=1" for 127.0.0.1 at 2013-10-30 22:05:20 +0100
Served asset /application.css - 304 Not Modified (2ms)


Started GET "/assets/jquery.js?body=1" for 127.0.0.1 at 2013-10-30 22:05:20 +0100
Served asset /jquery.js - 304 Not Modified (4ms)


Started GET "/assets/jquery_ujs.js?body=1" for 127.0.0.1 at 2013-10-30 22:05:20 +0100
Served asset /jquery_ujs.js - 304 Not Modified (4ms)


Started GET "/assets/application.js?body=1" for 127.0.0.1 at 2013-10-30 22:05:20 +0100
Served asset /application.js - 304 Not Modified (8ms)


Started GET "/movies" for 127.0.0.1 at 2013-10-30 22:07:55 +0100
Processing by MoviesController#index as HTML
Completed 500 Internal Server Error in 0ms

NoMethodError (undefined method `pry' for #<Binding:0x007fb7946e18d0>):
  app/controllers/movies_controller.rb:10:in `index'


  Rendered /home/gb/.rbenv/versions/1.9.3-p448/lib/ruby/gems/1.9.1/gems/actionpack-3.2.14/lib/action_dispatch/middleware/templates/rescues/_trace.erb (2.0ms)
  Rendered /home/gb/.rbenv/versions/1.9.3-p448/lib/ruby/gems/1.9.1/gems/actionpack-3.2.14/lib/action_dispatch/middleware/templates/rescues/_request_and_response.erb (1.3ms)
  Rendered /home/gb/.rbenv/versions/1.9.3-p448/lib/ruby/gems/1.9.1/gems/actionpack-3.2.14/lib/action_dispatch/middleware/templates/rescues/diagnostics.erb within rescues/layout (20.8ms)


Started GET "/movies" for 127.0.0.1 at 2013-10-30 22:10:32 +0100
Processing by MoviesController#index as HTML
Completed 500 Internal Server Error in 0ms

NoMethodError (undefined method `pry' for #<Binding:0x007fb7940e6bd8>):
  app/controllers/movies_controller.rb:10:in `index'


  Rendered /home/gb/.rbenv/versions/1.9.3-p448/lib/ruby/gems/1.9.1/gems/actionpack-3.2.14/lib/action_dispatch/middleware/templates/rescues/_trace.erb (1.5ms)
  Rendered /home/gb/.rbenv/versions/1.9.3-p448/lib/ruby/gems/1.9.1/gems/actionpack-3.2.14/lib/action_dispatch/middleware/templates/rescues/_request_and_response.erb (1.1ms)
  Rendered /home/gb/.rbenv/versions/1.9.3-p448/lib/ruby/gems/1.9.1/gems/actionpack-3.2.14/lib/action_dispatch/middleware/templates/rescues/diagnostics.erb within rescues/layout (11.3ms)


Started GET "/movies" for 127.0.0.1 at 2013-10-30 22:10:33 +0100
Processing by MoviesController#index as HTML
Completed 500 Internal Server Error in 0ms

NoMethodError (undefined method `pry' for #<Binding:0x007fb7947a56b8>):
  app/controllers/movies_controller.rb:10:in `index'


  Rendered /home/gb/.rbenv/versions/1.9.3-p448/lib/ruby/gems/1.9.1/gems/actionpack-3.2.14/lib/action_dispatch/middleware/templates/rescues/_trace.erb (1.3ms)
  Rendered /home/gb/.rbenv/versions/1.9.3-p448/lib/ruby/gems/1.9.1/gems/actionpack-3.2.14/lib/action_dispatch/middleware/templates/rescues/_request_and_response.erb (1.1ms)
  Rendered /home/gb/.rbenv/versions/1.9.3-p448/lib/ruby/gems/1.9.1/gems/actionpack-3.2.14/lib/action_dispatch/middleware/templates/rescues/diagnostics.erb within rescues/layout (10.5ms)


Started GET "/movies" for 127.0.0.1 at 2013-10-30 22:10:34 +0100
Processing by MoviesController#index as HTML
Completed 500 Internal Server Error in 0ms

NoMethodError (undefined method `pry' for #<Binding:0x007fb79491fa70>):
  app/controllers/movies_controller.rb:10:in `index'


  Rendered /home/gb/.rbenv/versions/1.9.3-p448/lib/ruby/gems/1.9.1/gems/actionpack-3.2.14/lib/action_dispatch/middleware/templates/rescues/_trace.erb (1.6ms)
  Rendered /home/gb/.rbenv/versions/1.9.3-p448/lib/ruby/gems/1.9.1/gems/actionpack-3.2.14/lib/action_dispatch/middleware/templates/rescues/_request_and_response.erb (1.2ms)
  Rendered /home/gb/.rbenv/versions/1.9.3-p448/lib/ruby/gems/1.9.1/gems/actionpack-3.2.14/lib/action_dispatch/middleware/templates/rescues/diagnostics.erb within rescues/layout (12.4ms)


Started GET "/movies" for 127.0.0.1 at 2013-10-30 22:10:34 +0100
Processing by MoviesController#index as HTML
Completed 500 Internal Server Error in 0ms

NoMethodError (undefined method `pry' for #<Binding:0x007fb7949c6f50>):
  app/controllers/movies_controller.rb:10:in `index'


  Rendered /home/gb/.rbenv/versions/1.9.3-p448/lib/ruby/gems/1.9.1/gems/actionpack-3.2.14/lib/action_dispatch/middleware/templates/rescues/_trace.erb (1.2ms)
  Rendered /home/gb/.rbenv/versions/1.9.3-p448/lib/ruby/gems/1.9.1/gems/actionpack-3.2.14/lib/action_dispatch/middleware/templates/rescues/_request_and_response.erb (1.4ms)
  Rendered /home/gb/.rbenv/versions/1.9.3-p448/lib/ruby/gems/1.9.1/gems/actionpack-3.2.14/lib/action_dispatch/middleware/templates/rescues/diagnostics.erb within rescues/layout (10.6ms)


Started GET "/movies" for 127.0.0.1 at 2013-10-30 22:10:34 +0100
Processing by MoviesController#index as HTML
Completed 500 Internal Server Error in 0ms

NoMethodError (undefined method `pry' for #<Binding:0x000000047d9e58>):
  app/controllers/movies_controller.rb:10:in `index'


  Rendered /home/gb/.rbenv/versions/1.9.3-p448/lib/ruby/gems/1.9.1/gems/actionpack-3.2.14/lib/action_dispatch/middleware/templates/rescues/_trace.erb (1.2ms)
  Rendered /home/gb/.rbenv/versions/1.9.3-p448/lib/ruby/gems/1.9.1/gems/actionpack-3.2.14/lib/action_dispatch/middleware/templates/rescues/_request_and_response.erb (0.9ms)
  Rendered /home/gb/.rbenv/versions/1.9.3-p448/lib/ruby/gems/1.9.1/gems/actionpack-3.2.14/lib/action_dispatch/middleware/templates/rescues/diagnostics.erb within rescues/layout (9.7ms)


Started GET "/movies" for 127.0.0.1 at 2013-10-30 22:10:35 +0100
Processing by MoviesController#index as HTML
Completed 500 Internal Server Error in 0ms

NoMethodError (undefined method `pry' for #<Binding:0x007fb794704b50>):
  app/controllers/movies_controller.rb:10:in `index'


  Rendered /home/gb/.rbenv/versions/1.9.3-p448/lib/ruby/gems/1.9.1/gems/actionpack-3.2.14/lib/action_dispatch/middleware/templates/rescues/_trace.erb (1.3ms)
  Rendered /home/gb/.rbenv/versions/1.9.3-p448/lib/ruby/gems/1.9.1/gems/actionpack-3.2.14/lib/action_dispatch/middleware/templates/rescues/_request_and_response.erb (1.0ms)
  Rendered /home/gb/.rbenv/versions/1.9.3-p448/lib/ruby/gems/1.9.1/gems/actionpack-3.2.14/lib/action_dispatch/middleware/templates/rescues/diagnostics.erb within rescues/layout (9.7ms)


Started GET "/movies" for 127.0.0.1 at 2013-10-30 22:10:35 +0100
Processing by MoviesController#index as HTML
Completed 500 Internal Server Error in 1ms

NoMethodError (undefined method `pry' for #<Binding:0x007fb794639310>):
  app/controllers/movies_controller.rb:10:in `index'


  Rendered /home/gb/.rbenv/versions/1.9.3-p448/lib/ruby/gems/1.9.1/gems/actionpack-3.2.14/lib/action_dispatch/middleware/templates/rescues/_trace.erb (1.3ms)
  Rendered /home/gb/.rbenv/versions/1.9.3-p448/lib/ruby/gems/1.9.1/gems/actionpack-3.2.14/lib/action_dispatch/middleware/templates/rescues/_request_and_response.erb (1.1ms)
  Rendered /home/gb/.rbenv/versions/1.9.3-p448/lib/ruby/gems/1.9.1/gems/actionpack-3.2.14/lib/action_dispatch/middleware/templates/rescues/diagnostics.erb within rescues/layout (11.2ms)


Started GET "/movies" for 127.0.0.1 at 2013-10-30 22:10:35 +0100
Processing by MoviesController#index as HTML
Completed 500 Internal Server Error in 0ms

NoMethodError (undefined method `pry' for #<Binding:0x007fb794a64b60>):
  app/controllers/movies_controller.rb:10:in `index'


  Rendered /home/gb/.rbenv/versions/1.9.3-p448/lib/ruby/gems/1.9.1/gems/actionpack-3.2.14/lib/action_dispatch/middleware/templates/rescues/_trace.erb (1.3ms)
  Rendered /home/gb/.rbenv/versions/1.9.3-p448/lib/ruby/gems/1.9.1/gems/actionpack-3.2.14/lib/action_dispatch/middleware/templates/rescues/_request_and_response.erb (1.2ms)
  Rendered /home/gb/.rbenv/versions/1.9.3-p448/lib/ruby/gems/1.9.1/gems/actionpack-3.2.14/lib/action_dispatch/middleware/templates/rescues/diagnostics.erb within rescues/layout (10.6ms)


Started GET "/movies" for 127.0.0.1 at 2013-10-30 22:10:35 +0100
Processing by MoviesController#index as HTML
Completed 500 Internal Server Error in 0ms

NoMethodError (undefined method `pry' for #<Binding:0x007fb79435aea0>):
  app/controllers/movies_controller.rb:10:in `index'


  Rendered /home/gb/.rbenv/versions/1.9.3-p448/lib/ruby/gems/1.9.1/gems/actionpack-3.2.14/lib/action_dispatch/middleware/templates/rescues/_trace.erb (1.2ms)
  Rendered /home/gb/.rbenv/versions/1.9.3-p448/lib/ruby/gems/1.9.1/gems/actionpack-3.2.14/lib/action_dispatch/middleware/templates/rescues/_request_and_response.erb (1.0ms)
  Rendered /home/gb/.rbenv/versions/1.9.3-p448/lib/ruby/gems/1.9.1/gems/actionpack-3.2.14/lib/action_dispatch/middleware/templates/rescues/diagnostics.erb within rescues/layout (9.6ms)


Started GET "/movies" for 127.0.0.1 at 2013-10-30 22:10:35 +0100
Processing by MoviesController#index as HTML
Completed 500 Internal Server Error in 0ms

NoMethodError (undefined method `pry' for #<Binding:0x007fb794561258>):
  app/controllers/movies_controller.rb:10:in `index'


  Rendered /home/gb/.rbenv/versions/1.9.3-p448/lib/ruby/gems/1.9.1/gems/actionpack-3.2.14/lib/action_dispatch/middleware/templates/rescues/_trace.erb (1.3ms)
  Rendered /home/gb/.rbenv/versions/1.9.3-p448/lib/ruby/gems/1.9.1/gems/actionpack-3.2.14/lib/action_dispatch/middleware/templates/rescues/_request_and_response.erb (1.0ms)
  Rendered /home/gb/.rbenv/versions/1.9.3-p448/lib/ruby/gems/1.9.1/gems/actionpack-3.2.14/lib/action_dispatch/middleware/templates/rescues/diagnostics.erb within rescues/layout (10.5ms)


Started GET "/movies" for 127.0.0.1 at 2013-10-30 22:10:35 +0100
Processing by MoviesController#index as HTML
Completed 500 Internal Server Error in 0ms

NoMethodError (undefined method `pry' for #<Binding:0x007fb794b9bee8>):
  app/controllers/movies_controller.rb:10:in `index'


  Rendered /home/gb/.rbenv/versions/1.9.3-p448/lib/ruby/gems/1.9.1/gems/actionpack-3.2.14/lib/action_dispatch/middleware/templates/rescues/_trace.erb (1.5ms)
  Rendered /home/gb/.rbenv/versions/1.9.3-p448/lib/ruby/gems/1.9.1/gems/actionpack-3.2.14/lib/action_dispatch/middleware/templates/rescues/_request_and_response.erb (1.4ms)
  Rendered /home/gb/.rbenv/versions/1.9.3-p448/lib/ruby/gems/1.9.1/gems/actionpack-3.2.14/lib/action_dispatch/middleware/templates/rescues/diagnostics.erb within rescues/layout (11.4ms)


Started GET "/movies" for 127.0.0.1 at 2013-10-30 22:10:35 +0100
Processing by MoviesController#index as HTML
Completed 500 Internal Server Error in 0ms

NoMethodError (undefined method `pry' for #<Binding:0x007fb78410a3b8>):
  app/controllers/movies_controller.rb:10:in `index'


  Rendered /home/gb/.rbenv/versions/1.9.3-p448/lib/ruby/gems/1.9.1/gems/actionpack-3.2.14/lib/action_dispatch/middleware/templates/rescues/_trace.erb (1.6ms)
  Rendered /home/gb/.rbenv/versions/1.9.3-p448/lib/ruby/gems/1.9.1/gems/actionpack-3.2.14/lib/action_dispatch/middleware/templates/rescues/_request_and_response.erb (1.4ms)
  Rendered /home/gb/.rbenv/versions/1.9.3-p448/lib/ruby/gems/1.9.1/gems/actionpack-3.2.14/lib/action_dispatch/middleware/templates/rescues/diagnostics.erb within rescues/layout (11.2ms)


Started GET "/movies" for 127.0.0.1 at 2013-10-30 22:10:35 +0100
Processing by MoviesController#index as HTML
Completed 500 Internal Server Error in 0ms

NoMethodError (undefined method `pry' for #<Binding:0x007fb794d06800>):
  app/controllers/movies_controller.rb:10:in `index'


  Rendered /home/gb/.rbenv/versions/1.9.3-p448/lib/ruby/gems/1.9.1/gems/actionpack-3.2.14/lib/action_dispatch/middleware/templates/rescues/_trace.erb (1.4ms)
  Rendered /home/gb/.rbenv/versions/1.9.3-p448/lib/ruby/gems/1.9.1/gems/actionpack-3.2.14/lib/action_dispatch/middleware/templates/rescues/_request_and_response.erb (1.5ms)
  Rendered /home/gb/.rbenv/versions/1.9.3-p448/lib/ruby/gems/1.9.1/gems/actionpack-3.2.14/lib/action_dispatch/middleware/templates/rescues/diagnostics.erb within rescues/layout (11.7ms)


Started GET "/movies" for 127.0.0.1 at 2013-10-30 22:10:35 +0100
Processing by MoviesController#index as HTML
Completed 500 Internal Server Error in 0ms

NoMethodError (undefined method `pry' for #<Binding:0x007fb794dfaf18>):
  app/controllers/movies_controller.rb:10:in `index'


  Rendered /home/gb/.rbenv/versions/1.9.3-p448/lib/ruby/gems/1.9.1/gems/actionpack-3.2.14/lib/action_dispatch/middleware/templates/rescues/_trace.erb (1.4ms)
  Rendered /home/gb/.rbenv/versions/1.9.3-p448/lib/ruby/gems/1.9.1/gems/actionpack-3.2.14/lib/action_dispatch/middleware/templates/rescues/_request_and_response.erb (1.2ms)
  Rendered /home/gb/.rbenv/versions/1.9.3-p448/lib/ruby/gems/1.9.1/gems/actionpack-3.2.14/lib/action_dispatch/middleware/templates/rescues/diagnostics.erb within rescues/layout (34.4ms)


Started GET "/movies" for 127.0.0.1 at 2013-10-30 22:10:35 +0100
Processing by MoviesController#index as HTML
Completed 500 Internal Server Error in 0ms

NoMethodError (undefined method `pry' for #<Binding:0x00000004478f20>):
  app/controllers/movies_controller.rb:10:in `index'


  Rendered /home/gb/.rbenv/versions/1.9.3-p448/lib/ruby/gems/1.9.1/gems/actionpack-3.2.14/lib/action_dispatch/middleware/templates/rescues/_trace.erb (1.2ms)
  Rendered /home/gb/.rbenv/versions/1.9.3-p448/lib/ruby/gems/1.9.1/gems/actionpack-3.2.14/lib/action_dispatch/middleware/templates/rescues/_request_and_response.erb (1.1ms)
  Rendered /home/gb/.rbenv/versions/1.9.3-p448/lib/ruby/gems/1.9.1/gems/actionpack-3.2.14/lib/action_dispatch/middleware/templates/rescues/diagnostics.erb within rescues/layout (10.2ms)


Started GET "/movies" for 127.0.0.1 at 2013-10-30 22:10:36 +0100
Processing by MoviesController#index as HTML
Completed 500 Internal Server Error in 0ms

NoMethodError (undefined method `pry' for #<Binding:0x007fb794702b48>):
  app/controllers/movies_controller.rb:10:in `index'


  Rendered /home/gb/.rbenv/versions/1.9.3-p448/lib/ruby/gems/1.9.1/gems/actionpack-3.2.14/lib/action_dispatch/middleware/templates/rescues/_trace.erb (1.2ms)
  Rendered /home/gb/.rbenv/versions/1.9.3-p448/lib/ruby/gems/1.9.1/gems/actionpack-3.2.14/lib/action_dispatch/middleware/templates/rescues/_request_and_response.erb (0.9ms)
  Rendered /home/gb/.rbenv/versions/1.9.3-p448/lib/ruby/gems/1.9.1/gems/actionpack-3.2.14/lib/action_dispatch/middleware/templates/rescues/diagnostics.erb within rescues/layout (9.9ms)


Started GET "/movies" for 127.0.0.1 at 2013-10-30 22:10:36 +0100
Processing by MoviesController#index as HTML
Completed 500 Internal Server Error in 0ms

NoMethodError (undefined method `pry' for #<Binding:0x007fb7946395b8>):
  app/controllers/movies_controller.rb:10:in `index'


  Rendered /home/gb/.rbenv/versions/1.9.3-p448/lib/ruby/gems/1.9.1/gems/actionpack-3.2.14/lib/action_dispatch/middleware/templates/rescues/_trace.erb (1.4ms)
  Rendered /home/gb/.rbenv/versions/1.9.3-p448/lib/ruby/gems/1.9.1/gems/actionpack-3.2.14/lib/action_dispatch/middleware/templates/rescues/_request_and_response.erb (1.0ms)
  Rendered /home/gb/.rbenv/versions/1.9.3-p448/lib/ruby/gems/1.9.1/gems/actionpack-3.2.14/lib/action_dispatch/middleware/templates/rescues/diagnostics.erb within rescues/layout (11.1ms)


Started GET "/movies" for 127.0.0.1 at 2013-10-30 22:10:36 +0100
Processing by MoviesController#index as HTML
Completed 500 Internal Server Error in 0ms

NoMethodError (undefined method `pry' for #<Binding:0x007fb794a66320>):
  app/controllers/movies_controller.rb:10:in `index'


  Rendered /home/gb/.rbenv/versions/1.9.3-p448/lib/ruby/gems/1.9.1/gems/actionpack-3.2.14/lib/action_dispatch/middleware/templates/rescues/_trace.erb (1.3ms)
  Rendered /home/gb/.rbenv/versions/1.9.3-p448/lib/ruby/gems/1.9.1/gems/actionpack-3.2.14/lib/action_dispatch/middleware/templates/rescues/_request_and_response.erb (1.0ms)
  Rendered /home/gb/.rbenv/versions/1.9.3-p448/lib/ruby/gems/1.9.1/gems/actionpack-3.2.14/lib/action_dispatch/middleware/templates/rescues/diagnostics.erb within rescues/layout (12.1ms)


Started GET "/movies" for 127.0.0.1 at 2013-10-30 22:10:36 +0100
Processing by MoviesController#index as HTML
Completed 500 Internal Server Error in 0ms

NoMethodError (undefined method `pry' for #<Binding:0x007fb79435be40>):
  app/controllers/movies_controller.rb:10:in `index'


  Rendered /home/gb/.rbenv/versions/1.9.3-p448/lib/ruby/gems/1.9.1/gems/actionpack-3.2.14/lib/action_dispatch/middleware/templates/rescues/_trace.erb (2.2ms)
  Rendered /home/gb/.rbenv/versions/1.9.3-p448/lib/ruby/gems/1.9.1/gems/actionpack-3.2.14/lib/action_dispatch/middleware/templates/rescues/_request_and_response.erb (1.1ms)
  Rendered /home/gb/.rbenv/versions/1.9.3-p448/lib/ruby/gems/1.9.1/gems/actionpack-3.2.14/lib/action_dispatch/middleware/templates/rescues/diagnostics.erb within rescues/layout (13.4ms)


Started GET "/movies" for 127.0.0.1 at 2013-10-30 22:10:36 +0100
Processing by MoviesController#index as HTML
Completed 500 Internal Server Error in 0ms

NoMethodError (undefined method `pry' for #<Binding:0x007fb794560560>):
  app/controllers/movies_controller.rb:10:in `index'


  Rendered /home/gb/.rbenv/versions/1.9.3-p448/lib/ruby/gems/1.9.1/gems/actionpack-3.2.14/lib/action_dispatch/middleware/templates/rescues/_trace.erb (1.4ms)
  Rendered /home/gb/.rbenv/versions/1.9.3-p448/lib/ruby/gems/1.9.1/gems/actionpack-3.2.14/lib/action_dispatch/middleware/templates/rescues/_request_and_response.erb (1.1ms)
  Rendered /home/gb/.rbenv/versions/1.9.3-p448/lib/ruby/gems/1.9.1/gems/actionpack-3.2.14/lib/action_dispatch/middleware/templates/rescues/diagnostics.erb within rescues/layout (11.7ms)


Started GET "/movies" for 127.0.0.1 at 2013-10-30 22:10:36 +0100
Processing by MoviesController#index as HTML
Completed 500 Internal Server Error in 0ms

NoMethodError (undefined method `pry' for #<Binding:0x007fb794b9dab8>):
  app/controllers/movies_controller.rb:10:in `index'


  Rendered /home/gb/.rbenv/versions/1.9.3-p448/lib/ruby/gems/1.9.1/gems/actionpack-3.2.14/lib/action_dispatch/middleware/templates/rescues/_trace.erb (1.7ms)
  Rendered /home/gb/.rbenv/versions/1.9.3-p448/lib/ruby/gems/1.9.1/gems/actionpack-3.2.14/lib/action_dispatch/middleware/templates/rescues/_request_and_response.erb (1.2ms)
  Rendered /home/gb/.rbenv/versions/1.9.3-p448/lib/ruby/gems/1.9.1/gems/actionpack-3.2.14/lib/action_dispatch/middleware/templates/rescues/diagnostics.erb within rescues/layout (11.5ms)


Started GET "/movies" for 127.0.0.1 at 2013-10-30 22:10:36 +0100
Processing by MoviesController#index as HTML
Completed 500 Internal Server Error in 0ms

NoMethodError (undefined method `pry' for #<Binding:0x007fb78410abd8>):
  app/controllers/movies_controller.rb:10:in `index'


  Rendered /home/gb/.rbenv/versions/1.9.3-p448/lib/ruby/gems/1.9.1/gems/actionpack-3.2.14/lib/action_dispatch/middleware/templates/rescues/_trace.erb (1.5ms)
  Rendered /home/gb/.rbenv/versions/1.9.3-p448/lib/ruby/gems/1.9.1/gems/actionpack-3.2.14/lib/action_dispatch/middleware/templates/rescues/_request_and_response.erb (1.3ms)
  Rendered /home/gb/.rbenv/versions/1.9.3-p448/lib/ruby/gems/1.9.1/gems/actionpack-3.2.14/lib/action_dispatch/middleware/templates/rescues/diagnostics.erb within rescues/layout (11.3ms)


Started GET "/movies" for 127.0.0.1 at 2013-10-30 22:10:36 +0100
Processing by MoviesController#index as HTML
Completed 500 Internal Server Error in 0ms

NoMethodError (undefined method `pry' for #<Binding:0x007fb794d02cf0>):
  app/controllers/movies_controller.rb:10:in `index'


  Rendered /home/gb/.rbenv/versions/1.9.3-p448/lib/ruby/gems/1.9.1/gems/actionpack-3.2.14/lib/action_dispatch/middleware/templates/rescues/_trace.erb (1.2ms)
  Rendered /home/gb/.rbenv/versions/1.9.3-p448/lib/ruby/gems/1.9.1/gems/actionpack-3.2.14/lib/action_dispatch/middleware/templates/rescues/_request_and_response.erb (1.3ms)
  Rendered /home/gb/.rbenv/versions/1.9.3-p448/lib/ruby/gems/1.9.1/gems/actionpack-3.2.14/lib/action_dispatch/middleware/templates/rescues/diagnostics.erb within rescues/layout (10.8ms)


Started GET "/movies" for 127.0.0.1 at 2013-10-30 22:10:36 +0100
Processing by MoviesController#index as HTML
Completed 500 Internal Server Error in 0ms

NoMethodError (undefined method `pry' for #<Binding:0x007fb794e14f58>):
  app/controllers/movies_controller.rb:10:in `index'


  Rendered /home/gb/.rbenv/versions/1.9.3-p448/lib/ruby/gems/1.9.1/gems/actionpack-3.2.14/lib/action_dispatch/middleware/templates/rescues/_trace.erb (1.2ms)
  Rendered /home/gb/.rbenv/versions/1.9.3-p448/lib/ruby/gems/1.9.1/gems/actionpack-3.2.14/lib/action_dispatch/middleware/templates/rescues/_request_and_response.erb (1.0ms)
  Rendered /home/gb/.rbenv/versions/1.9.3-p448/lib/ruby/gems/1.9.1/gems/actionpack-3.2.14/lib/action_dispatch/middleware/templates/rescues/diagnostics.erb within rescues/layout (10.7ms)


Started GET "/movies" for 127.0.0.1 at 2013-10-30 22:10:36 +0100
Processing by MoviesController#index as HTML
Completed 500 Internal Server Error in 0ms

NoMethodError (undefined method `pry' for #<Binding:0x00000003aa2b40>):
  app/controllers/movies_controller.rb:10:in `index'


  Rendered /home/gb/.rbenv/versions/1.9.3-p448/lib/ruby/gems/1.9.1/gems/actionpack-3.2.14/lib/action_dispatch/middleware/templates/rescues/_trace.erb (1.3ms)
  Rendered /home/gb/.rbenv/versions/1.9.3-p448/lib/ruby/gems/1.9.1/gems/actionpack-3.2.14/lib/action_dispatch/middleware/templates/rescues/_request_and_response.erb (1.0ms)
  Rendered /home/gb/.rbenv/versions/1.9.3-p448/lib/ruby/gems/1.9.1/gems/actionpack-3.2.14/lib/action_dispatch/middleware/templates/rescues/diagnostics.erb within rescues/layout (10.2ms)


Started GET "/movies" for 127.0.0.1 at 2013-10-30 22:10:36 +0100
Processing by MoviesController#index as HTML
Completed 500 Internal Server Error in 0ms

NoMethodError (undefined method `pry' for #<Binding:0x007fb794704fd8>):
  app/controllers/movies_controller.rb:10:in `index'


  Rendered /home/gb/.rbenv/versions/1.9.3-p448/lib/ruby/gems/1.9.1/gems/actionpack-3.2.14/lib/action_dispatch/middleware/templates/rescues/_trace.erb (1.2ms)
  Rendered /home/gb/.rbenv/versions/1.9.3-p448/lib/ruby/gems/1.9.1/gems/actionpack-3.2.14/lib/action_dispatch/middleware/templates/rescues/_request_and_response.erb (1.0ms)
  Rendered /home/gb/.rbenv/versions/1.9.3-p448/lib/ruby/gems/1.9.1/gems/actionpack-3.2.14/lib/action_dispatch/middleware/templates/rescues/diagnostics.erb within rescues/layout (9.6ms)


Started GET "/movies" for 127.0.0.1 at 2013-10-30 22:10:43 +0100
Processing by MoviesController#index as HTML
Completed 500 Internal Server Error in 0ms

NoMethodError (undefined method `pry' for #<Binding:0x007fb7940bc360>):
  app/controllers/movies_controller.rb:10:in `index'


  Rendered /home/gb/.rbenv/versions/1.9.3-p448/lib/ruby/gems/1.9.1/gems/actionpack-3.2.14/lib/action_dispatch/middleware/templates/rescues/_trace.erb (1.4ms)
  Rendered /home/gb/.rbenv/versions/1.9.3-p448/lib/ruby/gems/1.9.1/gems/actionpack-3.2.14/lib/action_dispatch/middleware/templates/rescues/_request_and_response.erb (1.1ms)
  Rendered /home/gb/.rbenv/versions/1.9.3-p448/lib/ruby/gems/1.9.1/gems/actionpack-3.2.14/lib/action_dispatch/middleware/templates/rescues/diagnostics.erb within rescues/layout (11.1ms)


Started GET "/movies" for 127.0.0.1 at 2013-10-30 22:10:44 +0100
Processing by MoviesController#index as HTML
Completed 500 Internal Server Error in 0ms

NoMethodError (undefined method `pry' for #<Binding:0x007fb794a64430>):
  app/controllers/movies_controller.rb:10:in `index'


  Rendered /home/gb/.rbenv/versions/1.9.3-p448/lib/ruby/gems/1.9.1/gems/actionpack-3.2.14/lib/action_dispatch/middleware/templates/rescues/_trace.erb (1.2ms)
  Rendered /home/gb/.rbenv/versions/1.9.3-p448/lib/ruby/gems/1.9.1/gems/actionpack-3.2.14/lib/action_dispatch/middleware/templates/rescues/_request_and_response.erb (1.0ms)
  Rendered /home/gb/.rbenv/versions/1.9.3-p448/lib/ruby/gems/1.9.1/gems/actionpack-3.2.14/lib/action_dispatch/middleware/templates/rescues/diagnostics.erb within rescues/layout (9.8ms)


Started GET "/movies" for 127.0.0.1 at 2013-10-30 22:10:45 +0100
Processing by MoviesController#index as HTML
Completed 500 Internal Server Error in 0ms

NoMethodError (undefined method `pry' for #<Binding:0x007fb79435b350>):
  app/controllers/movies_controller.rb:10:in `index'


  Rendered /home/gb/.rbenv/versions/1.9.3-p448/lib/ruby/gems/1.9.1/gems/actionpack-3.2.14/lib/action_dispatch/middleware/templates/rescues/_trace.erb (1.3ms)
  Rendered /home/gb/.rbenv/versions/1.9.3-p448/lib/ruby/gems/1.9.1/gems/actionpack-3.2.14/lib/action_dispatch/middleware/templates/rescues/_request_and_response.erb (1.0ms)
  Rendered /home/gb/.rbenv/versions/1.9.3-p448/lib/ruby/gems/1.9.1/gems/actionpack-3.2.14/lib/action_dispatch/middleware/templates/rescues/diagnostics.erb within rescues/layout (10.5ms)


Started GET "/movies" for 127.0.0.1 at 2013-10-30 22:10:45 +0100
Processing by MoviesController#index as HTML
Completed 500 Internal Server Error in 1ms

NoMethodError (undefined method `pry' for #<Binding:0x007fb7945612f8>):
  app/controllers/movies_controller.rb:10:in `index'


  Rendered /home/gb/.rbenv/versions/1.9.3-p448/lib/ruby/gems/1.9.1/gems/actionpack-3.2.14/lib/action_dispatch/middleware/templates/rescues/_trace.erb (1.5ms)
  Rendered /home/gb/.rbenv/versions/1.9.3-p448/lib/ruby/gems/1.9.1/gems/actionpack-3.2.14/lib/action_dispatch/middleware/templates/rescues/_request_and_response.erb (1.2ms)
  Rendered /home/gb/.rbenv/versions/1.9.3-p448/lib/ruby/gems/1.9.1/gems/actionpack-3.2.14/lib/action_dispatch/middleware/templates/rescues/diagnostics.erb within rescues/layout (11.1ms)


Started GET "/movies" for 127.0.0.1 at 2013-10-30 22:10:48 +0100
Processing by MoviesController#index as HTML
Completed 500 Internal Server Error in 0ms

NoMethodError (undefined method `pry' for #<Binding:0x007fb794b95660>):
  app/controllers/movies_controller.rb:10:in `index'


  Rendered /home/gb/.rbenv/versions/1.9.3-p448/lib/ruby/gems/1.9.1/gems/actionpack-3.2.14/lib/action_dispatch/middleware/templates/rescues/_trace.erb (1.8ms)
  Rendered /home/gb/.rbenv/versions/1.9.3-p448/lib/ruby/gems/1.9.1/gems/actionpack-3.2.14/lib/action_dispatch/middleware/templates/rescues/_request_and_response.erb (1.3ms)
  Rendered /home/gb/.rbenv/versions/1.9.3-p448/lib/ruby/gems/1.9.1/gems/actionpack-3.2.14/lib/action_dispatch/middleware/templates/rescues/diagnostics.erb within rescues/layout (12.7ms)


Started GET "/movies" for 127.0.0.1 at 2013-10-30 22:10:49 +0100
Processing by MoviesController#index as HTML
Completed 500 Internal Server Error in 0ms

NoMethodError (undefined method `pry' for #<Binding:0x007fb784100d68>):
  app/controllers/movies_controller.rb:10:in `index'


  Rendered /home/gb/.rbenv/versions/1.9.3-p448/lib/ruby/gems/1.9.1/gems/actionpack-3.2.14/lib/action_dispatch/middleware/templates/rescues/_trace.erb (1.4ms)
  Rendered /home/gb/.rbenv/versions/1.9.3-p448/lib/ruby/gems/1.9.1/gems/actionpack-3.2.14/lib/action_dispatch/middleware/templates/rescues/_request_and_response.erb (1.2ms)
  Rendered /home/gb/.rbenv/versions/1.9.3-p448/lib/ruby/gems/1.9.1/gems/actionpack-3.2.14/lib/action_dispatch/middleware/templates/rescues/diagnostics.erb within rescues/layout (11.7ms)


Started GET "/movies" for 127.0.0.1 at 2013-10-30 22:11:09 +0100
Connecting to database specified by database.yml
Processing by MoviesController#index as HTML
Completed 500 Internal Server Error in 0ms

NoMethodError (undefined method `pry' for #<Binding:0x0000000377df00>):
  app/controllers/movies_controller.rb:10:in `index'


  Rendered /home/gb/.rbenv/versions/1.9.3-p448/lib/ruby/gems/1.9.1/gems/actionpack-3.2.14/lib/action_dispatch/middleware/templates/rescues/_trace.erb (1.3ms)
  Rendered /home/gb/.rbenv/versions/1.9.3-p448/lib/ruby/gems/1.9.1/gems/actionpack-3.2.14/lib/action_dispatch/middleware/templates/rescues/_request_and_response.erb (1.3ms)
  Rendered /home/gb/.rbenv/versions/1.9.3-p448/lib/ruby/gems/1.9.1/gems/actionpack-3.2.14/lib/action_dispatch/middleware/templates/rescues/diagnostics.erb within rescues/layout (13.0ms)


Started GET "/movies" for 127.0.0.1 at 2013-10-30 22:11:33 +0100
Processing by MoviesController#index as HTML
Completed 500 Internal Server Error in 1ms

NoMethodError (undefined method `pry' for #<Binding:0x007fa9382a67a8>):
  app/controllers/movies_controller.rb:10:in `index'


  Rendered /home/gb/.rbenv/versions/1.9.3-p448/lib/ruby/gems/1.9.1/gems/actionpack-3.2.14/lib/action_dispatch/middleware/templates/rescues/_trace.erb (1.7ms)
  Rendered /home/gb/.rbenv/versions/1.9.3-p448/lib/ruby/gems/1.9.1/gems/actionpack-3.2.14/lib/action_dispatch/middleware/templates/rescues/_request_and_response.erb (1.1ms)
  Rendered /home/gb/.rbenv/versions/1.9.3-p448/lib/ruby/gems/1.9.1/gems/actionpack-3.2.14/lib/action_dispatch/middleware/templates/rescues/diagnostics.erb within rescues/layout (11.8ms)


Started GET "/movies" for 127.0.0.1 at 2013-10-30 22:11:46 +0100
Connecting to database specified by database.yml
Processing by MoviesController#index as HTML
Completed   in 22081ms


Started GET "/movies" for 127.0.0.1 at 2013-10-30 22:13:25 +0100
Connecting to database specified by database.yml
Processing by MoviesController#index as HTML
  [1m[36mMovie Load (0.4ms)[0m  [1mSELECT "movies".* FROM "movies" [0m
  Rendered movies/index.html.haml within layouts/application (39.2ms)
Completed 200 OK in 33061ms (Views: 96.6ms | ActiveRecord: 0.4ms)


Started GET "/assets/application.css?body=1" for 127.0.0.1 at 2013-10-30 22:13:58 +0100
Served asset /application.css - 304 Not Modified (1ms)


Started GET "/assets/jquery.js?body=1" for 127.0.0.1 at 2013-10-30 22:13:58 +0100
Served asset /jquery.js - 304 Not Modified (4ms)


Started GET "/assets/jquery_ujs.js?body=1" for 127.0.0.1 at 2013-10-30 22:13:58 +0100
Served asset /jquery_ujs.js - 304 Not Modified (3ms)


Started GET "/assets/application.js?body=1" for 127.0.0.1 at 2013-10-30 22:13:58 +0100
Served asset /application.js - 304 Not Modified (6ms)


Started GET "/movies?sort=title" for 127.0.0.1 at 2013-10-30 22:14:16 +0100
Processing by MoviesController#index as HTML
  Parameters: {"sort"=>"title"}
  [1m[35mMovie Load (0.3ms)[0m  SELECT "movies".* FROM "movies" 
  Rendered movies/index.html.haml within layouts/application (7.5ms)
Completed 200 OK in 23200ms (Views: 14.5ms | ActiveRecord: 0.3ms)


Started GET "/assets/application.css?body=1" for 127.0.0.1 at 2013-10-30 22:14:39 +0100
Served asset /application.css - 304 Not Modified (0ms)


Started GET "/assets/jquery_ujs.js?body=1" for 127.0.0.1 at 2013-10-30 22:14:39 +0100
Served asset /jquery_ujs.js - 304 Not Modified (0ms)


Started GET "/assets/jquery.js?body=1" for 127.0.0.1 at 2013-10-30 22:14:39 +0100
Served asset /jquery.js - 304 Not Modified (1ms)


Started GET "/assets/application.js?body=1" for 127.0.0.1 at 2013-10-30 22:14:39 +0100
Served asset /application.js - 304 Not Modified (1ms)


Started GET "/movies?sort=title" for 127.0.0.1 at 2013-10-30 22:20:38 +0100
Processing by MoviesController#index as HTML
  Parameters: {"sort"=>"title"}
  [1m[36mMovie Load (23.4ms)[0m  [1mSELECT "movies".* FROM "movies" [0m
  [1m[35mMovie Load (0.4ms)[0m  SELECT "movies".* FROM "movies" ORDER BY title
  [1m[36mCACHE (0.0ms)[0m  [1mSELECT "movies".* FROM "movies" [0m
  [1m[35mCACHE (0.0ms)[0m  SELECT "movies".* FROM "movies" 
  [1m[36mCACHE (0.0ms)[0m  [1mSELECT "movies".* FROM "movies" [0m
  [1m[35mCACHE (0.0ms)[0m  SELECT "movies".* FROM "movies" 
  Rendered movies/index.html.haml within layouts/application (5.7ms)
Completed 200 OK in 178290ms (Views: 56.2ms | ActiveRecord: 23.8ms)


Started GET "/movies" for 127.0.0.1 at 2013-10-30 22:23:48 +0100
Connecting to database specified by database.yml

SyntaxError (/home/gb/Copy/Studia/edx/Saas1_3T2013/rottenpotatoes/app/controllers/movies_controller.rb:43: syntax error, unexpected $end, expecting keyword_end):
  activesupport (3.2.14) lib/active_support/dependencies.rb:469:in `load'
  activesupport (3.2.14) lib/active_support/dependencies.rb:469:in `block in load_file'
  activesupport (3.2.14) lib/active_support/dependencies.rb:639:in `new_constants_in'
  activesupport (3.2.14) lib/active_support/dependencies.rb:468:in `load_file'
  activesupport (3.2.14) lib/active_support/dependencies.rb:353:in `require_or_load'
  activesupport (3.2.14) lib/active_support/dependencies.rb:502:in `load_missing_constant'
  activesupport (3.2.14) lib/active_support/dependencies.rb:192:in `block in const_missing'
  activesupport (3.2.14) lib/active_support/dependencies.rb:190:in `each'
  activesupport (3.2.14) lib/active_support/dependencies.rb:190:in `const_missing'
  activesupport (3.2.14) lib/active_support/inflector/methods.rb:230:in `block in constantize'
  activesupport (3.2.14) lib/active_support/inflector/methods.rb:229:in `each'
  activesupport (3.2.14) lib/active_support/inflector/methods.rb:229:in `constantize'
  activesupport (3.2.14) lib/active_support/dependencies.rb:554:in `get'
  actionpack (3.2.14) lib/action_dispatch/routing/route_set.rb:69:in `controller_reference'
  actionpack (3.2.14) lib/action_dispatch/routing/route_set.rb:54:in `controller'
  actionpack (3.2.14) lib/action_dispatch/routing/route_set.rb:32:in `call'
  journey (1.0.4) lib/journey/router.rb:68:in `block in call'
  journey (1.0.4) lib/journey/router.rb:56:in `each'
  journey (1.0.4) lib/journey/router.rb:56:in `call'
  actionpack (3.2.14) lib/action_dispatch/routing/route_set.rb:608:in `call'
  actionpack (3.2.14) lib/action_dispatch/middleware/best_standards_support.rb:17:in `call'
  rack (1.4.5) lib/rack/etag.rb:23:in `call'
  rack (1.4.5) lib/rack/conditionalget.rb:25:in `call'
  actionpack (3.2.14) lib/action_dispatch/middleware/head.rb:14:in `call'
  actionpack (3.2.14) lib/action_dispatch/middleware/params_parser.rb:21:in `call'
  actionpack (3.2.14) lib/action_dispatch/middleware/flash.rb:242:in `call'
  rack (1.4.5) lib/rack/session/abstract/id.rb:210:in `context'
  rack (1.4.5) lib/rack/session/abstract/id.rb:205:in `call'
  actionpack (3.2.14) lib/action_dispatch/middleware/cookies.rb:341:in `call'
  activerecord (3.2.14) lib/active_record/query_cache.rb:64:in `call'
  activerecord (3.2.14) lib/active_record/connection_adapters/abstract/connection_pool.rb:479:in `call'
  actionpack (3.2.14) lib/action_dispatch/middleware/callbacks.rb:28:in `block in call'
  activesupport (3.2.14) lib/active_support/callbacks.rb:405:in `_run__2008550016914057480__call__3703714229546509150__callbacks'
  activesupport (3.2.14) lib/active_support/callbacks.rb:405:in `__run_callback'
  activesupport (3.2.14) lib/active_support/callbacks.rb:385:in `_run_call_callbacks'
  activesupport (3.2.14) lib/active_support/callbacks.rb:81:in `run_callbacks'
  actionpack (3.2.14) lib/action_dispatch/middleware/callbacks.rb:27:in `call'
  actionpack (3.2.14) lib/action_dispatch/middleware/reloader.rb:65:in `call'
  actionpack (3.2.14) lib/action_dispatch/middleware/remote_ip.rb:31:in `call'
  actionpack (3.2.14) lib/action_dispatch/middleware/debug_exceptions.rb:16:in `call'
  actionpack (3.2.14) lib/action_dispatch/middleware/show_exceptions.rb:56:in `call'
  railties (3.2.14) lib/rails/rack/logger.rb:32:in `call_app'
  railties (3.2.14) lib/rails/rack/logger.rb:16:in `block in call'
  activesupport (3.2.14) lib/active_support/tagged_logging.rb:22:in `tagged'
  railties (3.2.14) lib/rails/rack/logger.rb:16:in `call'
  actionpack (3.2.14) lib/action_dispatch/middleware/request_id.rb:22:in `call'
  rack (1.4.5) lib/rack/methodoverride.rb:21:in `call'
  rack (1.4.5) lib/rack/runtime.rb:17:in `call'
  activesupport (3.2.14) lib/active_support/cache/strategy/local_cache.rb:72:in `call'
  rack (1.4.5) lib/rack/lock.rb:15:in `call'
  actionpack (3.2.14) lib/action_dispatch/middleware/static.rb:63:in `call'
  railties (3.2.14) lib/rails/engine.rb:484:in `call'
  railties (3.2.14) lib/rails/application.rb:231:in `call'
  rack (1.4.5) lib/rack/content_length.rb:14:in `call'
  railties (3.2.14) lib/rails/rack/log_tailer.rb:17:in `call'
  rack (1.4.5) lib/rack/handler/webrick.rb:59:in `service'
  /home/gb/.rbenv/versions/1.9.3-p448/lib/ruby/1.9.1/webrick/httpserver.rb:138:in `service'
  /home/gb/.rbenv/versions/1.9.3-p448/lib/ruby/1.9.1/webrick/httpserver.rb:94:in `run'
  /home/gb/.rbenv/versions/1.9.3-p448/lib/ruby/1.9.1/webrick/server.rb:191:in `block in start_thread'


  Rendered /home/gb/.rbenv/versions/1.9.3-p448/lib/ruby/gems/1.9.1/gems/actionpack-3.2.14/lib/action_dispatch/middleware/templates/rescues/_trace.erb (1.3ms)
  Rendered /home/gb/.rbenv/versions/1.9.3-p448/lib/ruby/gems/1.9.1/gems/actionpack-3.2.14/lib/action_dispatch/middleware/templates/rescues/_request_and_response.erb (3.1ms)
  Rendered /home/gb/.rbenv/versions/1.9.3-p448/lib/ruby/gems/1.9.1/gems/actionpack-3.2.14/lib/action_dispatch/middleware/templates/rescues/diagnostics.erb within rescues/layout (34.3ms)


Started GET "/movies" for 127.0.0.1 at 2013-10-30 22:23:51 +0100

SyntaxError (/home/gb/Copy/Studia/edx/Saas1_3T2013/rottenpotatoes/app/controllers/movies_controller.rb:43: syntax error, unexpected $end, expecting keyword_end):
  activesupport (3.2.14) lib/active_support/dependencies.rb:469:in `load'
  activesupport (3.2.14) lib/active_support/dependencies.rb:469:in `block in load_file'
  activesupport (3.2.14) lib/active_support/dependencies.rb:639:in `new_constants_in'
  activesupport (3.2.14) lib/active_support/dependencies.rb:468:in `load_file'
  activesupport (3.2.14) lib/active_support/dependencies.rb:353:in `require_or_load'
  activesupport (3.2.14) lib/active_support/dependencies.rb:502:in `load_missing_constant'
  activesupport (3.2.14) lib/active_support/dependencies.rb:192:in `block in const_missing'
  activesupport (3.2.14) lib/active_support/dependencies.rb:190:in `each'
  activesupport (3.2.14) lib/active_support/dependencies.rb:190:in `const_missing'
  activesupport (3.2.14) lib/active_support/inflector/methods.rb:230:in `block in constantize'
  activesupport (3.2.14) lib/active_support/inflector/methods.rb:229:in `each'
  activesupport (3.2.14) lib/active_support/inflector/methods.rb:229:in `constantize'
  activesupport (3.2.14) lib/active_support/dependencies.rb:554:in `get'
  actionpack (3.2.14) lib/action_dispatch/routing/route_set.rb:69:in `controller_reference'
  actionpack (3.2.14) lib/action_dispatch/routing/route_set.rb:54:in `controller'
  actionpack (3.2.14) lib/action_dispatch/routing/route_set.rb:32:in `call'
  journey (1.0.4) lib/journey/router.rb:68:in `block in call'
  journey (1.0.4) lib/journey/router.rb:56:in `each'
  journey (1.0.4) lib/journey/router.rb:56:in `call'
  actionpack (3.2.14) lib/action_dispatch/routing/route_set.rb:608:in `call'
  actionpack (3.2.14) lib/action_dispatch/middleware/best_standards_support.rb:17:in `call'
  rack (1.4.5) lib/rack/etag.rb:23:in `call'
  rack (1.4.5) lib/rack/conditionalget.rb:25:in `call'
  actionpack (3.2.14) lib/action_dispatch/middleware/head.rb:14:in `call'
  actionpack (3.2.14) lib/action_dispatch/middleware/params_parser.rb:21:in `call'
  actionpack (3.2.14) lib/action_dispatch/middleware/flash.rb:242:in `call'
  rack (1.4.5) lib/rack/session/abstract/id.rb:210:in `context'
  rack (1.4.5) lib/rack/session/abstract/id.rb:205:in `call'
  actionpack (3.2.14) lib/action_dispatch/middleware/cookies.rb:341:in `call'
  activerecord (3.2.14) lib/active_record/query_cache.rb:64:in `call'
  activerecord (3.2.14) lib/active_record/connection_adapters/abstract/connection_pool.rb:479:in `call'
  actionpack (3.2.14) lib/action_dispatch/middleware/callbacks.rb:28:in `block in call'
  activesupport (3.2.14) lib/active_support/callbacks.rb:405:in `_run__2008550016914057480__call__3703714229546509150__callbacks'
  activesupport (3.2.14) lib/active_support/callbacks.rb:405:in `__run_callback'
  activesupport (3.2.14) lib/active_support/callbacks.rb:385:in `_run_call_callbacks'
  activesupport (3.2.14) lib/active_support/callbacks.rb:81:in `run_callbacks'
  actionpack (3.2.14) lib/action_dispatch/middleware/callbacks.rb:27:in `call'
  actionpack (3.2.14) lib/action_dispatch/middleware/reloader.rb:65:in `call'
  actionpack (3.2.14) lib/action_dispatch/middleware/remote_ip.rb:31:in `call'
  actionpack (3.2.14) lib/action_dispatch/middleware/debug_exceptions.rb:16:in `call'
  actionpack (3.2.14) lib/action_dispatch/middleware/show_exceptions.rb:56:in `call'
  railties (3.2.14) lib/rails/rack/logger.rb:32:in `call_app'
  railties (3.2.14) lib/rails/rack/logger.rb:16:in `block in call'
  activesupport (3.2.14) lib/active_support/tagged_logging.rb:22:in `tagged'
  railties (3.2.14) lib/rails/rack/logger.rb:16:in `call'
  actionpack (3.2.14) lib/action_dispatch/middleware/request_id.rb:22:in `call'
  rack (1.4.5) lib/rack/methodoverride.rb:21:in `call'
  rack (1.4.5) lib/rack/runtime.rb:17:in `call'
  activesupport (3.2.14) lib/active_support/cache/strategy/local_cache.rb:72:in `call'
  rack (1.4.5) lib/rack/lock.rb:15:in `call'
  actionpack (3.2.14) lib/action_dispatch/middleware/static.rb:63:in `call'
  railties (3.2.14) lib/rails/engine.rb:484:in `call'
  railties (3.2.14) lib/rails/application.rb:231:in `call'
  rack (1.4.5) lib/rack/content_length.rb:14:in `call'
  railties (3.2.14) lib/rails/rack/log_tailer.rb:17:in `call'
  rack (1.4.5) lib/rack/handler/webrick.rb:59:in `service'
  /home/gb/.rbenv/versions/1.9.3-p448/lib/ruby/1.9.1/webrick/httpserver.rb:138:in `service'
  /home/gb/.rbenv/versions/1.9.3-p448/lib/ruby/1.9.1/webrick/httpserver.rb:94:in `run'
  /home/gb/.rbenv/versions/1.9.3-p448/lib/ruby/1.9.1/webrick/server.rb:191:in `block in start_thread'


  Rendered /home/gb/.rbenv/versions/1.9.3-p448/lib/ruby/gems/1.9.1/gems/actionpack-3.2.14/lib/action_dispatch/middleware/templates/rescues/_trace.erb (2.7ms)
  Rendered /home/gb/.rbenv/versions/1.9.3-p448/lib/ruby/gems/1.9.1/gems/actionpack-3.2.14/lib/action_dispatch/middleware/templates/rescues/_request_and_response.erb (2.4ms)
  Rendered /home/gb/.rbenv/versions/1.9.3-p448/lib/ruby/gems/1.9.1/gems/actionpack-3.2.14/lib/action_dispatch/middleware/templates/rescues/diagnostics.erb within rescues/layout (23.3ms)


Started GET "/movies" for 127.0.0.1 at 2013-10-30 22:24:01 +0100
Processing by MoviesController#index as HTML
  [1m[36mMovie Load (0.3ms)[0m  [1mSELECT "movies".* FROM "movies" [0m
  Rendered movies/index.html.haml within layouts/application (9.7ms)
Completed 200 OK in 25665ms (Views: 47.8ms | ActiveRecord: 0.3ms)


Started GET "/assets/application.css?body=1" for 127.0.0.1 at 2013-10-30 22:24:27 +0100
Served asset /application.css - 304 Not Modified (2ms)


Started GET "/assets/jquery.js?body=1" for 127.0.0.1 at 2013-10-30 22:24:27 +0100
Served asset /jquery.js - 304 Not Modified (40ms)


Started GET "/assets/jquery_ujs.js?body=1" for 127.0.0.1 at 2013-10-30 22:24:27 +0100
Served asset /jquery_ujs.js - 304 Not Modified (2ms)


Started GET "/assets/application.js?body=1" for 127.0.0.1 at 2013-10-30 22:24:27 +0100
Served asset /application.js - 304 Not Modified (7ms)


Started GET "/movies" for 127.0.0.1 at 2013-10-30 22:25:24 +0100
Processing by MoviesController#index as HTML
  [1m[35mMovie Load (0.5ms)[0m  SELECT "movies".* FROM "movies" 
  Rendered movies/index.html.haml within layouts/application (10.1ms)
Completed 200 OK in 84ms (Views: 61.0ms | ActiveRecord: 0.5ms)


Started GET "/assets/application.css?body=1" for 127.0.0.1 at 2013-10-30 22:25:25 +0100
Served asset /application.css - 304 Not Modified (0ms)


Started GET "/assets/jquery.js?body=1" for 127.0.0.1 at 2013-10-30 22:25:25 +0100
Served asset /jquery.js - 304 Not Modified (3ms)


Started GET "/assets/jquery_ujs.js?body=1" for 127.0.0.1 at 2013-10-30 22:25:25 +0100
Served asset /jquery_ujs.js - 304 Not Modified (4ms)


Started GET "/assets/application.js?body=1" for 127.0.0.1 at 2013-10-30 22:25:25 +0100
Served asset /application.js - 304 Not Modified (3ms)


Started GET "/movies?sort=title" for 127.0.0.1 at 2013-10-30 22:25:27 +0100
Processing by MoviesController#index as HTML
  Parameters: {"sort"=>"title"}
  [1m[36mMovie Load (1.0ms)[0m  [1mSELECT "movies".* FROM "movies" ORDER BY title[0m
  Rendered movies/index.html.haml within layouts/application (17.5ms)
Completed 200 OK in 30ms (Views: 28.0ms | ActiveRecord: 1.0ms)


Started GET "/assets/application.css?body=1" for 127.0.0.1 at 2013-10-30 22:25:28 +0100
Served asset /application.css - 304 Not Modified (0ms)


Started GET "/assets/jquery.js?body=1" for 127.0.0.1 at 2013-10-30 22:25:28 +0100
Served asset /jquery.js - 304 Not Modified (2ms)


Started GET "/assets/jquery_ujs.js?body=1" for 127.0.0.1 at 2013-10-30 22:25:28 +0100
Served asset /jquery_ujs.js - 304 Not Modified (0ms)


Started GET "/assets/application.js?body=1" for 127.0.0.1 at 2013-10-30 22:25:28 +0100
Served asset /application.js - 304 Not Modified (3ms)


Started GET "/movies" for 127.0.0.1 at 2013-10-30 22:25:32 +0100
Processing by MoviesController#index as HTML
  [1m[35mMovie Load (0.5ms)[0m  SELECT "movies".* FROM "movies" 
  Rendered movies/index.html.haml within layouts/application (10.8ms)
Completed 200 OK in 28ms (Views: 24.1ms | ActiveRecord: 0.5ms)


Started GET "/assets/application.css?body=1" for 127.0.0.1 at 2013-10-30 22:25:32 +0100
Served asset /application.css - 304 Not Modified (0ms)


Started GET "/assets/jquery.js?body=1" for 127.0.0.1 at 2013-10-30 22:25:32 +0100
Served asset /jquery.js - 304 Not Modified (2ms)


Started GET "/assets/jquery_ujs.js?body=1" for 127.0.0.1 at 2013-10-30 22:25:32 +0100
Served asset /jquery_ujs.js - 304 Not Modified (0ms)


Started GET "/assets/application.js?body=1" for 127.0.0.1 at 2013-10-30 22:25:32 +0100
Served asset /application.js - 304 Not Modified (3ms)


Started GET "/movies" for 127.0.0.1 at 2013-10-30 22:26:09 +0100
Processing by MoviesController#index as HTML
  [1m[36mMovie Load (0.7ms)[0m  [1mSELECT "movies".* FROM "movies" [0m
  Rendered movies/index.html.haml within layouts/application (19.5ms)
Completed 200 OK in 55ms (Views: 31.4ms | ActiveRecord: 0.7ms)


Started GET "/assets/application.css?body=1" for 127.0.0.1 at 2013-10-30 22:26:09 +0100
Served asset /application.css - 304 Not Modified (0ms)


Started GET "/assets/jquery.js?body=1" for 127.0.0.1 at 2013-10-30 22:26:09 +0100
Served asset /jquery.js - 304 Not Modified (2ms)


Started GET "/assets/jquery_ujs.js?body=1" for 127.0.0.1 at 2013-10-30 22:26:09 +0100
Served asset /jquery_ujs.js - 304 Not Modified (0ms)


Started GET "/assets/application.js?body=1" for 127.0.0.1 at 2013-10-30 22:26:09 +0100
Served asset /application.js - 304 Not Modified (3ms)


Started GET "/movies?sort=release_date" for 127.0.0.1 at 2013-10-30 22:26:11 +0100
Processing by MoviesController#index as HTML
  Parameters: {"sort"=>"release_date"}
  [1m[35mMovie Load (0.6ms)[0m  SELECT "movies".* FROM "movies" ORDER BY release_date
  Rendered movies/index.html.haml within layouts/application (14.5ms)
Completed 200 OK in 27ms (Views: 25.5ms | ActiveRecord: 0.6ms)


Started GET "/assets/application.css?body=1" for 127.0.0.1 at 2013-10-30 22:26:11 +0100
Served asset /application.css - 304 Not Modified (0ms)


Started GET "/assets/jquery.js?body=1" for 127.0.0.1 at 2013-10-30 22:26:11 +0100
Served asset /jquery.js - 304 Not Modified (2ms)


Started GET "/assets/jquery_ujs.js?body=1" for 127.0.0.1 at 2013-10-30 22:26:11 +0100
Served asset /jquery_ujs.js - 304 Not Modified (1ms)


Started GET "/assets/application.js?body=1" for 127.0.0.1 at 2013-10-30 22:26:11 +0100
Served asset /application.js - 304 Not Modified (3ms)


Started GET "/movies?sort=release_date" for 127.0.0.1 at 2013-10-30 22:26:13 +0100
Processing by MoviesController#index as HTML
  Parameters: {"sort"=>"release_date"}
  [1m[36mMovie Load (0.6ms)[0m  [1mSELECT "movies".* FROM "movies" ORDER BY release_date[0m
  Rendered movies/index.html.haml within layouts/application (13.4ms)
Completed 200 OK in 25ms (Views: 23.5ms | ActiveRecord: 0.6ms)


Started GET "/assets/application.css?body=1" for 127.0.0.1 at 2013-10-30 22:26:13 +0100
Served asset /application.css - 304 Not Modified (0ms)


Started GET "/assets/jquery_ujs.js?body=1" for 127.0.0.1 at 2013-10-30 22:26:13 +0100
Served asset /jquery_ujs.js - 304 Not Modified (0ms)


Started GET "/assets/jquery.js?body=1" for 127.0.0.1 at 2013-10-30 22:26:13 +0100
Served asset /jquery.js - 304 Not Modified (2ms)


Started GET "/assets/application.js?body=1" for 127.0.0.1 at 2013-10-30 22:26:13 +0100
Served asset /application.js - 304 Not Modified (2ms)


Started GET "/movies?sort=release_date" for 127.0.0.1 at 2013-10-30 22:26:15 +0100
Processing by MoviesController#index as HTML
  Parameters: {"sort"=>"release_date"}
  [1m[35mMovie Load (0.4ms)[0m  SELECT "movies".* FROM "movies" ORDER BY release_date
  Rendered movies/index.html.haml within layouts/application (9.1ms)
Completed 200 OK in 17ms (Views: 15.7ms | ActiveRecord: 0.4ms)


Started GET "/assets/application.css?body=1" for 127.0.0.1 at 2013-10-30 22:26:15 +0100
Served asset /application.css - 304 Not Modified (0ms)


Started GET "/assets/jquery.js?body=1" for 127.0.0.1 at 2013-10-30 22:26:15 +0100
Served asset /jquery.js - 304 Not Modified (1ms)


Started GET "/assets/jquery_ujs.js?body=1" for 127.0.0.1 at 2013-10-30 22:26:15 +0100
Served asset /jquery_ujs.js - 304 Not Modified (0ms)


Started GET "/assets/application.js?body=1" for 127.0.0.1 at 2013-10-30 22:26:15 +0100
Served asset /application.js - 304 Not Modified (1ms)


Started GET "/movies?sort=release_date" for 127.0.0.1 at 2013-10-30 22:26:56 +0100
Processing by MoviesController#index as HTML
  Parameters: {"sort"=>"release_date"}
  [1m[36mMovie Load (0.3ms)[0m  [1mSELECT "movies".* FROM "movies" ORDER BY release_date[0m
  Rendered movies/index.html.haml within layouts/application (8.1ms)
Completed 200 OK in 18ms (Views: 17.0ms | ActiveRecord: 0.3ms)


Started GET "/assets/application.css?body=1" for 127.0.0.1 at 2013-10-30 22:26:57 +0100
Served asset /application.css - 304 Not Modified (0ms)


Started GET "/assets/jquery.js?body=1" for 127.0.0.1 at 2013-10-30 22:26:57 +0100
Served asset /jquery.js - 304 Not Modified (1ms)


Started GET "/assets/jquery_ujs.js?body=1" for 127.0.0.1 at 2013-10-30 22:26:57 +0100
Served asset /jquery_ujs.js - 304 Not Modified (0ms)


Started GET "/assets/application.js?body=1" for 127.0.0.1 at 2013-10-30 22:26:57 +0100
Served asset /application.js - 304 Not Modified (1ms)


Started GET "/movies?sort=release_date" for 127.0.0.1 at 2013-10-30 22:27:28 +0100
Processing by MoviesController#index as HTML
  Parameters: {"sort"=>"release_date"}
  [1m[35mMovie Load (0.3ms)[0m  SELECT "movies".* FROM "movies" ORDER BY release_date
  Rendered movies/index.html.haml within layouts/application (5.4ms)
Completed 200 OK in 13ms (Views: 12.4ms | ActiveRecord: 0.3ms)


Started GET "/assets/application.css?body=1" for 127.0.0.1 at 2013-10-30 22:27:28 +0100
Served asset /application.css - 304 Not Modified (0ms)


Started GET "/assets/jquery.js?body=1" for 127.0.0.1 at 2013-10-30 22:27:28 +0100
Served asset /jquery.js - 304 Not Modified (1ms)


Started GET "/assets/jquery_ujs.js?body=1" for 127.0.0.1 at 2013-10-30 22:27:28 +0100
Served asset /jquery_ujs.js - 304 Not Modified (0ms)


Started GET "/assets/application.js?body=1" for 127.0.0.1 at 2013-10-30 22:27:28 +0100
Served asset /application.js - 304 Not Modified (1ms)


Started GET "/movies" for 127.0.0.1 at 2013-10-30 22:27:29 +0100
Processing by MoviesController#index as HTML
  [1m[36mMovie Load (0.3ms)[0m  [1mSELECT "movies".* FROM "movies" [0m
  Rendered movies/index.html.haml within layouts/application (5.7ms)
Completed 200 OK in 14ms (Views: 11.7ms | ActiveRecord: 0.3ms)


Started GET "/assets/application.css?body=1" for 127.0.0.1 at 2013-10-30 22:27:29 +0100
Served asset /application.css - 304 Not Modified (0ms)


Started GET "/assets/jquery.js?body=1" for 127.0.0.1 at 2013-10-30 22:27:29 +0100
Served asset /jquery.js - 304 Not Modified (1ms)


Started GET "/assets/jquery_ujs.js?body=1" for 127.0.0.1 at 2013-10-30 22:27:29 +0100
Served asset /jquery_ujs.js - 304 Not Modified (2ms)


Started GET "/assets/application.js?body=1" for 127.0.0.1 at 2013-10-30 22:27:29 +0100
Served asset /application.js - 304 Not Modified (1ms)
Connecting to database specified by database.yml
  [1m[36mMovie Load (0.2ms)[0m  [1mSELECT "movies".* FROM "movies" [0m
  [1m[35mMovie Load (0.4ms)[0m  SELECT "movies".* FROM "movies" 
  [1m[36mMovie Load (0.6ms)[0m  [1mSELECT "movies".* FROM "movies" ORDER BY title[0m


Started GET "/movies" for 127.0.0.1 at 2013-10-30 22:32:09 +0100
Processing by MoviesController#index as HTML
  [1m[35mMovie Load (0.9ms)[0m  SELECT "movies".* FROM "movies" 
  Rendered movies/index.html.haml within layouts/application (17.1ms)
Completed 200 OK in 32ms (Views: 28.2ms | ActiveRecord: 0.9ms)


Started GET "/assets/application.css?body=1" for 127.0.0.1 at 2013-10-30 22:32:09 +0100
Served asset /application.css - 304 Not Modified (0ms)


Started GET "/assets/jquery.js?body=1" for 127.0.0.1 at 2013-10-30 22:32:09 +0100
Served asset /jquery.js - 304 Not Modified (7ms)


Started GET "/assets/jquery_ujs.js?body=1" for 127.0.0.1 at 2013-10-30 22:32:09 +0100
Served asset /jquery_ujs.js - 304 Not Modified (0ms)


Started GET "/assets/application.js?body=1" for 127.0.0.1 at 2013-10-30 22:32:09 +0100
Served asset /application.js - 304 Not Modified (2ms)


Started GET "/movies?sort=title" for 127.0.0.1 at 2013-10-30 22:32:11 +0100
Processing by MoviesController#index as HTML
  Parameters: {"sort"=>"title"}
  [1m[36mMovie Load (0.8ms)[0m  [1mSELECT "movies".* FROM "movies" ORDER BY title[0m
  Rendered movies/index.html.haml within layouts/application (14.4ms)
Completed 200 OK in 28ms (Views: 26.0ms | ActiveRecord: 0.8ms)


Started GET "/assets/application.css?body=1" for 127.0.0.1 at 2013-10-30 22:32:12 +0100
Served asset /application.css - 304 Not Modified (0ms)


Started GET "/assets/jquery.js?body=1" for 127.0.0.1 at 2013-10-30 22:32:12 +0100
Served asset /jquery.js - 304 Not Modified (8ms)


Started GET "/assets/jquery_ujs.js?body=1" for 127.0.0.1 at 2013-10-30 22:32:12 +0100
Served asset /jquery_ujs.js - 304 Not Modified (0ms)


Started GET "/assets/application.js?body=1" for 127.0.0.1 at 2013-10-30 22:32:12 +0100
Served asset /application.js - 304 Not Modified (3ms)


Started GET "/movies?sort=title" for 127.0.0.1 at 2013-10-30 22:34:07 +0100
Processing by MoviesController#index as HTML
  Parameters: {"sort"=>"title"}
  [1m[35mMovie Load (0.3ms)[0m  SELECT "movies".* FROM "movies" ORDER BY title
  Rendered movies/index.html.haml within layouts/application (9.0ms)
Completed 200 OK in 14ms (Views: 13.5ms | ActiveRecord: 0.3ms)


Started GET "/assets/application.css?body=1" for 127.0.0.1 at 2013-10-30 22:34:08 +0100
Served asset /application.css - 304 Not Modified (0ms)


Started GET "/assets/jquery.js?body=1" for 127.0.0.1 at 2013-10-30 22:34:08 +0100
Served asset /jquery.js - 304 Not Modified (3ms)


Started GET "/assets/application.js?body=1" for 127.0.0.1 at 2013-10-30 22:34:08 +0100
Served asset /application.js - 304 Not Modified (1ms)


Started GET "/assets/jquery_ujs.js?body=1" for 127.0.0.1 at 2013-10-30 22:34:08 +0100
Served asset /jquery_ujs.js - 304 Not Modified (0ms)


Started GET "/movies?sort=title" for 127.0.0.1 at 2013-10-30 22:34:35 +0100
Processing by MoviesController#index as HTML
  Parameters: {"sort"=>"title"}
  [1m[36mMovie Load (0.4ms)[0m  [1mSELECT "movies".* FROM "movies" ORDER BY title[0m
  Rendered movies/index.html.haml within layouts/application (9.2ms)
Completed 200 OK in 15ms (Views: 14.1ms | ActiveRecord: 0.4ms)


Started GET "/assets/application.css?body=1" for 127.0.0.1 at 2013-10-30 22:34:35 +0100
Served asset /application.css - 304 Not Modified (0ms)


Started GET "/assets/jquery.js?body=1" for 127.0.0.1 at 2013-10-30 22:34:35 +0100
Served asset /jquery.js - 304 Not Modified (1ms)


Started GET "/assets/application.js?body=1" for 127.0.0.1 at 2013-10-30 22:34:35 +0100
Served asset /application.js - 304 Not Modified (1ms)


Started GET "/assets/jquery_ujs.js?body=1" for 127.0.0.1 at 2013-10-30 22:34:35 +0100
Served asset /jquery_ujs.js - 304 Not Modified (0ms)


Started GET "/movies?sort=title" for 127.0.0.1 at 2013-10-30 22:34:37 +0100
Processing by MoviesController#index as HTML
  Parameters: {"sort"=>"title"}
  [1m[35mMovie Load (0.4ms)[0m  SELECT "movies".* FROM "movies" ORDER BY title
  Rendered movies/index.html.haml within layouts/application (8.5ms)
Completed 200 OK in 15ms (Views: 13.9ms | ActiveRecord: 0.4ms)


Started GET "/assets/application.css?body=1" for 127.0.0.1 at 2013-10-30 22:34:38 +0100
Served asset /application.css - 304 Not Modified (0ms)


Started GET "/assets/jquery.js?body=1" for 127.0.0.1 at 2013-10-30 22:34:38 +0100
Served asset /jquery.js - 304 Not Modified (1ms)


Started GET "/assets/jquery_ujs.js?body=1" for 127.0.0.1 at 2013-10-30 22:34:38 +0100
Served asset /jquery_ujs.js - 304 Not Modified (0ms)


Started GET "/assets/application.js?body=1" for 127.0.0.1 at 2013-10-30 22:34:38 +0100
Served asset /application.js - 304 Not Modified (1ms)


Started GET "/movies?sort=title" for 127.0.0.1 at 2013-10-30 22:38:18 +0100
Processing by MoviesController#index as HTML
  Parameters: {"sort"=>"title"}
  [1m[36mMovie Load (0.3ms)[0m  [1mSELECT "movies".* FROM "movies" ORDER BY title[0m
  Rendered movies/index.html.haml within layouts/application (17.1ms)
Completed 200 OK in 23ms (Views: 22.2ms | ActiveRecord: 0.3ms)


Started GET "/assets/application.css?body=1" for 127.0.0.1 at 2013-10-30 22:38:19 +0100
Served asset /application.css - 304 Not Modified (0ms)


Started GET "/assets/jquery.js?body=1" for 127.0.0.1 at 2013-10-30 22:38:19 +0100
Served asset /jquery.js - 304 Not Modified (5ms)


Started GET "/assets/application.js?body=1" for 127.0.0.1 at 2013-10-30 22:38:19 +0100
Served asset /application.js - 304 Not Modified (1ms)


Started GET "/assets/jquery_ujs.js?body=1" for 127.0.0.1 at 2013-10-30 22:38:19 +0100
Served asset /jquery_ujs.js - 304 Not Modified (0ms)


Started GET "/movies?sort=title" for 127.0.0.1 at 2013-10-30 22:38:24 +0100
Processing by MoviesController#index as HTML
  Parameters: {"sort"=>"title"}
  [1m[35mMovie Load (0.3ms)[0m  SELECT "movies".* FROM "movies" ORDER BY title
  Rendered movies/index.html.haml within layouts/application (7.5ms)
Completed 200 OK in 14ms (Views: 13.5ms | ActiveRecord: 0.3ms)


Started GET "/assets/application.css?body=1" for 127.0.0.1 at 2013-10-30 22:38:24 +0100
Served asset /application.css - 304 Not Modified (0ms)


Started GET "/assets/jquery.js?body=1" for 127.0.0.1 at 2013-10-30 22:38:24 +0100
Served asset /jquery.js - 304 Not Modified (2ms)


Started GET "/assets/jquery_ujs.js?body=1" for 127.0.0.1 at 2013-10-30 22:38:24 +0100
Served asset /jquery_ujs.js - 304 Not Modified (0ms)


Started GET "/assets/application.js?body=1" for 127.0.0.1 at 2013-10-30 22:38:24 +0100
Served asset /application.js - 304 Not Modified (1ms)


Started GET "/movies?sort=title" for 127.0.0.1 at 2013-10-30 22:38:26 +0100
Processing by MoviesController#index as HTML
  Parameters: {"sort"=>"title"}
  [1m[36mMovie Load (0.5ms)[0m  [1mSELECT "movies".* FROM "movies" ORDER BY title[0m
  Rendered movies/index.html.haml within layouts/application (39.7ms)
Completed 200 OK in 47ms (Views: 45.6ms | ActiveRecord: 0.5ms)


Started GET "/assets/application.css?body=1" for 127.0.0.1 at 2013-10-30 22:38:26 +0100
Served asset /application.css - 304 Not Modified (0ms)


Started GET "/assets/jquery.js?body=1" for 127.0.0.1 at 2013-10-30 22:38:26 +0100
Served asset /jquery.js - 304 Not Modified (1ms)


Started GET "/assets/application.js?body=1" for 127.0.0.1 at 2013-10-30 22:38:26 +0100
Served asset /application.js - 304 Not Modified (1ms)


Started GET "/assets/jquery_ujs.js?body=1" for 127.0.0.1 at 2013-10-30 22:38:26 +0100
Served asset /jquery_ujs.js - 304 Not Modified (0ms)


Started GET "/movies" for 127.0.0.1 at 2013-10-30 22:38:28 +0100
Processing by MoviesController#index as HTML
  [1m[35mMovie Load (0.3ms)[0m  SELECT "movies".* FROM "movies" 
  Rendered movies/index.html.haml within layouts/application (4.5ms)
Completed 200 OK in 12ms (Views: 9.9ms | ActiveRecord: 0.3ms)


Started GET "/assets/application.css?body=1" for 127.0.0.1 at 2013-10-30 22:38:29 +0100
Served asset /application.css - 304 Not Modified (0ms)


Started GET "/assets/jquery_ujs.js?body=1" for 127.0.0.1 at 2013-10-30 22:38:29 +0100
Served asset /jquery_ujs.js - 304 Not Modified (0ms)


Started GET "/assets/jquery.js?body=1" for 127.0.0.1 at 2013-10-30 22:38:29 +0100
Served asset /jquery.js - 304 Not Modified (0ms)


Started GET "/assets/application.js?body=1" for 127.0.0.1 at 2013-10-30 22:38:29 +0100
Served asset /application.js - 304 Not Modified (1ms)


Started GET "/movies" for 127.0.0.1 at 2013-10-30 22:38:48 +0100
Processing by MoviesController#index as HTML
  [1m[36mMovie Load (0.5ms)[0m  [1mSELECT "movies".* FROM "movies" [0m
  Rendered movies/index.html.haml within layouts/application (12.0ms)
Completed 200 OK in 23ms (Views: 19.8ms | ActiveRecord: 0.5ms)


Started GET "/assets/application.css?body=1" for 127.0.0.1 at 2013-10-30 22:38:48 +0100
Served asset /application.css - 304 Not Modified (0ms)


Started GET "/assets/jquery_ujs.js?body=1" for 127.0.0.1 at 2013-10-30 22:38:48 +0100
Served asset /jquery_ujs.js - 304 Not Modified (0ms)


Started GET "/assets/jquery.js?body=1" for 127.0.0.1 at 2013-10-30 22:38:48 +0100
Served asset /jquery.js - 304 Not Modified (1ms)


Started GET "/assets/application.js?body=1" for 127.0.0.1 at 2013-10-30 22:38:48 +0100
Served asset /application.js - 304 Not Modified (1ms)


Started GET "/movies" for 127.0.0.1 at 2013-10-30 22:42:38 +0100
Processing by MoviesController#index as HTML
  [1m[35mMovie Load (0.5ms)[0m  SELECT "movies".* FROM "movies" 
  Rendered movies/index.html.haml within layouts/application (8.0ms)
Completed 200 OK in 17ms (Views: 14.2ms | ActiveRecord: 0.5ms)


Started GET "/assets/application.css?body=1" for 127.0.0.1 at 2013-10-30 22:42:38 +0100
Served asset /application.css - 304 Not Modified (0ms)


Started GET "/assets/jquery.js?body=1" for 127.0.0.1 at 2013-10-30 22:42:38 +0100
Served asset /jquery.js - 304 Not Modified (1ms)


Started GET "/assets/jquery_ujs.js?body=1" for 127.0.0.1 at 2013-10-30 22:42:38 +0100
Served asset /jquery_ujs.js - 304 Not Modified (0ms)


Started GET "/assets/application.js?body=1" for 127.0.0.1 at 2013-10-30 22:42:38 +0100
Served asset /application.js - 304 Not Modified (1ms)


Started GET "/movies?sort=title" for 127.0.0.1 at 2013-10-30 22:42:48 +0100
Processing by MoviesController#index as HTML
  Parameters: {"sort"=>"title"}
  [1m[36mMovie Load (0.4ms)[0m  [1mSELECT "movies".* FROM "movies" ORDER BY title[0m
  Rendered movies/index.html.haml within layouts/application (6.4ms)
Completed 200 OK in 12ms (Views: 11.0ms | ActiveRecord: 0.4ms)


Started GET "/assets/application.css?body=1" for 127.0.0.1 at 2013-10-30 22:42:49 +0100
Served asset /application.css - 304 Not Modified (0ms)


Started GET "/assets/jquery.js?body=1" for 127.0.0.1 at 2013-10-30 22:42:49 +0100
Served asset /jquery.js - 304 Not Modified (1ms)


Started GET "/assets/jquery_ujs.js?body=1" for 127.0.0.1 at 2013-10-30 22:42:49 +0100
Served asset /jquery_ujs.js - 304 Not Modified (0ms)


Started GET "/assets/application.js?body=1" for 127.0.0.1 at 2013-10-30 22:42:49 +0100
Served asset /application.js - 304 Not Modified (1ms)


Started GET "/movies?sort=title" for 127.0.0.1 at 2013-10-30 22:42:59 +0100
Processing by MoviesController#index as HTML
  Parameters: {"sort"=>"title"}
  [1m[35mMovie Load (0.3ms)[0m  SELECT "movies".* FROM "movies" ORDER BY title
  Rendered movies/index.html.haml within layouts/application (11.9ms)
Completed 200 OK in 19ms (Views: 18.2ms | ActiveRecord: 0.3ms)


Started GET "/assets/application.css?body=1" for 127.0.0.1 at 2013-10-30 22:43:00 +0100
Served asset /application.css - 304 Not Modified (0ms)


Started GET "/assets/application.js?body=1" for 127.0.0.1 at 2013-10-30 22:43:00 +0100
Served asset /application.js - 304 Not Modified (1ms)


Started GET "/assets/jquery_ujs.js?body=1" for 127.0.0.1 at 2013-10-30 22:43:00 +0100
Served asset /jquery_ujs.js - 304 Not Modified (0ms)


Started GET "/assets/jquery.js?body=1" for 127.0.0.1 at 2013-10-30 22:43:00 +0100
Served asset /jquery.js - 304 Not Modified (1ms)


Started GET "/movies?sort=title" for 127.0.0.1 at 2013-10-30 22:43:38 +0100
Processing by MoviesController#index as HTML
  Parameters: {"sort"=>"title"}
  [1m[36mMovie Load (0.4ms)[0m  [1mSELECT "movies".* FROM "movies" ORDER BY title[0m
  Rendered movies/index.html.haml within layouts/application (21.3ms)
Completed 200 OK in 53ms (Views: 52.3ms | ActiveRecord: 0.4ms)


Started GET "/assets/application.css?body=1" for 127.0.0.1 at 2013-10-30 22:43:39 +0100
Served asset /application.css - 304 Not Modified (0ms)


Started GET "/assets/jquery.js?body=1" for 127.0.0.1 at 2013-10-30 22:43:39 +0100
Served asset /jquery.js - 304 Not Modified (1ms)


Started GET "/assets/jquery_ujs.js?body=1" for 127.0.0.1 at 2013-10-30 22:43:39 +0100
Served asset /jquery_ujs.js - 304 Not Modified (0ms)


Started GET "/assets/application.js?body=1" for 127.0.0.1 at 2013-10-30 22:43:39 +0100
Served asset /application.js - 304 Not Modified (1ms)


Started GET "/movies?sort=title" for 127.0.0.1 at 2013-10-30 22:43:59 +0100
Processing by MoviesController#index as HTML
  Parameters: {"sort"=>"title"}
  [1m[35mMovie Load (0.3ms)[0m  SELECT "movies".* FROM "movies" ORDER BY title
  Rendered movies/index.html.haml within layouts/application (9.3ms)
Completed 200 OK in 15ms (Views: 14.6ms | ActiveRecord: 0.3ms)


Started GET "/assets/application.css?body=1" for 127.0.0.1 at 2013-10-30 22:43:59 +0100
Served asset /application.css - 304 Not Modified (0ms)


Started GET "/assets/jquery_ujs.js?body=1" for 127.0.0.1 at 2013-10-30 22:43:59 +0100
Served asset /jquery_ujs.js - 304 Not Modified (0ms)


Started GET "/assets/application.js?body=1" for 127.0.0.1 at 2013-10-30 22:43:59 +0100
Served asset /application.js - 304 Not Modified (1ms)


Started GET "/assets/jquery.js?body=1" for 127.0.0.1 at 2013-10-30 22:43:59 +0100
Served asset /jquery.js - 304 Not Modified (1ms)


Started GET "/movies?sort=title" for 127.0.0.1 at 2013-10-30 22:44:57 +0100
Processing by MoviesController#index as HTML
  Parameters: {"sort"=>"title"}
  [1m[36mMovie Load (0.3ms)[0m  [1mSELECT "movies".* FROM "movies" ORDER BY title[0m
  Rendered movies/index.html.haml within layouts/application (9.8ms)
Completed 200 OK in 16ms (Views: 15.6ms | ActiveRecord: 0.3ms)


Started GET "/assets/application.css?body=1" for 127.0.0.1 at 2013-10-30 22:44:57 +0100
Served asset /application.css - 304 Not Modified (0ms)


Started GET "/assets/jquery.js?body=1" for 127.0.0.1 at 2013-10-30 22:44:57 +0100
Served asset /jquery.js - 304 Not Modified (5ms)


Started GET "/assets/jquery_ujs.js?body=1" for 127.0.0.1 at 2013-10-30 22:44:57 +0100
Served asset /jquery_ujs.js - 304 Not Modified (0ms)


Started GET "/assets/application.js?body=1" for 127.0.0.1 at 2013-10-30 22:44:57 +0100
Served asset /application.js - 304 Not Modified (1ms)


Started GET "/movies?sort=release_date" for 127.0.0.1 at 2013-10-30 22:45:01 +0100
Processing by MoviesController#index as HTML
  Parameters: {"sort"=>"release_date"}
  [1m[35mMovie Load (0.4ms)[0m  SELECT "movies".* FROM "movies" ORDER BY release_date
  Rendered movies/index.html.haml within layouts/application (9.5ms)
Completed 200 OK in 17ms (Views: 16.3ms | ActiveRecord: 0.4ms)


Started GET "/assets/application.css?body=1" for 127.0.0.1 at 2013-10-30 22:45:01 +0100
Served asset /application.css - 304 Not Modified (0ms)


Started GET "/assets/jquery_ujs.js?body=1" for 127.0.0.1 at 2013-10-30 22:45:01 +0100
Served asset /jquery_ujs.js - 304 Not Modified (2ms)


Started GET "/assets/jquery.js?body=1" for 127.0.0.1 at 2013-10-30 22:45:01 +0100
Served asset /jquery.js - 304 Not Modified (1ms)


Started GET "/assets/application.js?body=1" for 127.0.0.1 at 2013-10-30 22:45:01 +0100
Served asset /application.js - 304 Not Modified (1ms)


Started GET "/movies?sort=release_date" for 127.0.0.1 at 2013-10-30 22:51:02 +0100
Processing by MoviesController#index as HTML
  Parameters: {"sort"=>"release_date"}
  [1m[36mMovie Load (0.6ms)[0m  [1mSELECT "movies".* FROM "movies" ORDER BY release_date[0m
  Rendered movies/index.html.haml within layouts/application (15.0ms)
Completed 200 OK in 44ms (Views: 43.4ms | ActiveRecord: 0.6ms)


Started GET "/assets/application.css?body=1" for 127.0.0.1 at 2013-10-30 22:51:03 +0100
Served asset /application.css - 304 Not Modified (0ms)


Started GET "/assets/jquery.js?body=1" for 127.0.0.1 at 2013-10-30 22:51:03 +0100
Served asset /jquery.js - 304 Not Modified (4ms)


Started GET "/assets/jquery_ujs.js?body=1" for 127.0.0.1 at 2013-10-30 22:51:03 +0100
Served asset /jquery_ujs.js - 304 Not Modified (0ms)


Started GET "/assets/application.js?body=1" for 127.0.0.1 at 2013-10-30 22:51:03 +0100
Served asset /application.js - 304 Not Modified (1ms)


Started GET "/movies?sort=release_date" for 127.0.0.1 at 2013-10-30 22:51:14 +0100
Processing by MoviesController#index as HTML
  Parameters: {"sort"=>"release_date"}
  [1m[35mMovie Load (0.4ms)[0m  SELECT "movies".* FROM "movies" ORDER BY release_date
  Rendered movies/index.html.haml within layouts/application (7.6ms)
Completed 200 OK in 14ms (Views: 13.4ms | ActiveRecord: 0.4ms)


Started GET "/assets/application.css?body=1" for 127.0.0.1 at 2013-10-30 22:51:14 +0100
Served asset /application.css - 304 Not Modified (0ms)


Started GET "/assets/application.js?body=1" for 127.0.0.1 at 2013-10-30 22:51:14 +0100
Served asset /application.js - 304 Not Modified (1ms)


Started GET "/assets/jquery_ujs.js?body=1" for 127.0.0.1 at 2013-10-30 22:51:14 +0100
Served asset /jquery_ujs.js - 304 Not Modified (0ms)


Started GET "/assets/jquery.js?body=1" for 127.0.0.1 at 2013-10-30 22:51:14 +0100
Served asset /jquery.js - 304 Not Modified (1ms)


Started GET "/movies" for 127.0.0.1 at 2013-10-30 22:51:27 +0100
Processing by MoviesController#index as HTML
  [1m[36mMovie Load (0.4ms)[0m  [1mSELECT "movies".* FROM "movies" [0m
  Rendered movies/index.html.haml within layouts/application (5.3ms)
Completed 200 OK in 15ms (Views: 11.9ms | ActiveRecord: 0.4ms)


Started GET "/assets/application.css?body=1" for 127.0.0.1 at 2013-10-30 22:51:27 +0100
Served asset /application.css - 304 Not Modified (0ms)


Started GET "/assets/jquery.js?body=1" for 127.0.0.1 at 2013-10-30 22:51:27 +0100
Served asset /jquery.js - 304 Not Modified (1ms)


Started GET "/assets/jquery_ujs.js?body=1" for 127.0.0.1 at 2013-10-30 22:51:27 +0100
Served asset /jquery_ujs.js - 304 Not Modified (0ms)


Started GET "/assets/application.js?body=1" for 127.0.0.1 at 2013-10-30 22:51:27 +0100
Served asset /application.js - 304 Not Modified (1ms)


Started GET "/movies?sort=title" for 127.0.0.1 at 2013-10-30 22:51:43 +0100
Processing by MoviesController#index as HTML
  Parameters: {"sort"=>"title"}
  [1m[35mMovie Load (0.3ms)[0m  SELECT "movies".* FROM "movies" ORDER BY title
  Rendered movies/index.html.haml within layouts/application (6.6ms)
Completed 200 OK in 12ms (Views: 11.1ms | ActiveRecord: 0.3ms)


Started GET "/assets/application.css?body=1" for 127.0.0.1 at 2013-10-30 22:51:43 +0100
Served asset /application.css - 304 Not Modified (0ms)


Started GET "/assets/jquery.js?body=1" for 127.0.0.1 at 2013-10-30 22:51:43 +0100
Served asset /jquery.js - 304 Not Modified (1ms)


Started GET "/assets/application.js?body=1" for 127.0.0.1 at 2013-10-30 22:51:43 +0100
Served asset /application.js - 304 Not Modified (1ms)


Started GET "/assets/jquery_ujs.js?body=1" for 127.0.0.1 at 2013-10-30 22:51:43 +0100
Served asset /jquery_ujs.js - 304 Not Modified (0ms)


Started GET "/movies?sort=release_date" for 127.0.0.1 at 2013-10-30 22:51:51 +0100
Processing by MoviesController#index as HTML
  Parameters: {"sort"=>"release_date"}
  [1m[36mMovie Load (0.3ms)[0m  [1mSELECT "movies".* FROM "movies" ORDER BY release_date[0m
  Rendered movies/index.html.haml within layouts/application (6.2ms)
Completed 200 OK in 12ms (Views: 11.1ms | ActiveRecord: 0.3ms)


Started GET "/assets/jquery_ujs.js?body=1" for 127.0.0.1 at 2013-10-30 22:51:51 +0100
Served asset /jquery_ujs.js - 304 Not Modified (2ms)


Started GET "/assets/jquery.js?body=1" for 127.0.0.1 at 2013-10-30 22:51:51 +0100
Served asset /jquery.js - 304 Not Modified (1ms)


Started GET "/assets/application.css?body=1" for 127.0.0.1 at 2013-10-30 22:51:51 +0100
Served asset /application.css - 304 Not Modified (0ms)


Started GET "/assets/application.js?body=1" for 127.0.0.1 at 2013-10-30 22:51:51 +0100
Served asset /application.js - 304 Not Modified (1ms)


Started GET "/movies?sort=release_date" for 127.0.0.1 at 2013-10-30 23:00:55 +0100
Processing by MoviesController#index as HTML
  Parameters: {"sort"=>"release_date"}
  [1m[35mMovie Load (0.6ms)[0m  SELECT "movies".* FROM "movies" ORDER BY release_date
  Rendered movies/index.html.haml within layouts/application (19.7ms)
Compiled application.css  (17ms)  (pid 26792)
Completed 200 OK in 285ms (Views: 283.7ms | ActiveRecord: 0.6ms)


Started GET "/assets/application.css?body=1" for 127.0.0.1 at 2013-10-30 23:00:55 +0100
Served asset /application.css - 200 OK (3ms)


Started GET "/assets/jquery.js?body=1" for 127.0.0.1 at 2013-10-30 23:00:55 +0100
Served asset /jquery.js - 304 Not Modified (1ms)


Started GET "/assets/jquery_ujs.js?body=1" for 127.0.0.1 at 2013-10-30 23:00:55 +0100
Served asset /jquery_ujs.js - 304 Not Modified (0ms)


Started GET "/assets/application.js?body=1" for 127.0.0.1 at 2013-10-30 23:00:55 +0100
Served asset /application.js - 304 Not Modified (1ms)


Started GET "/movies?sort=title" for 127.0.0.1 at 2013-10-30 23:00:57 +0100
Processing by MoviesController#index as HTML
  Parameters: {"sort"=>"title"}
  [1m[36mMovie Load (0.5ms)[0m  [1mSELECT "movies".* FROM "movies" ORDER BY title[0m
  Rendered movies/index.html.haml within layouts/application (10.7ms)
Completed 200 OK in 20ms (Views: 18.6ms | ActiveRecord: 0.5ms)


Started GET "/assets/application.css?body=1" for 127.0.0.1 at 2013-10-30 23:00:58 +0100
Served asset /application.css - 304 Not Modified (5ms)


Started GET "/assets/jquery.js?body=1" for 127.0.0.1 at 2013-10-30 23:00:58 +0100
Served asset /jquery.js - 304 Not Modified (1ms)


Started GET "/assets/application.js?body=1" for 127.0.0.1 at 2013-10-30 23:00:58 +0100
Served asset /application.js - 304 Not Modified (1ms)


Started GET "/assets/jquery_ujs.js?body=1" for 127.0.0.1 at 2013-10-30 23:00:58 +0100
Served asset /jquery_ujs.js - 304 Not Modified (0ms)


Started GET "/movies" for 127.0.0.1 at 2013-10-30 23:00:59 +0100
Processing by MoviesController#index as HTML
  [1m[35mMovie Load (0.3ms)[0m  SELECT "movies".* FROM "movies" 
  Rendered movies/index.html.haml within layouts/application (5.3ms)
Completed 200 OK in 13ms (Views: 11.2ms | ActiveRecord: 0.3ms)


Started GET "/assets/application.css?body=1" for 127.0.0.1 at 2013-10-30 23:00:59 +0100
Served asset /application.css - 304 Not Modified (0ms)


Started GET "/assets/application.js?body=1" for 127.0.0.1 at 2013-10-30 23:00:59 +0100
Served asset /application.js - 304 Not Modified (5ms)


Started GET "/assets/jquery_ujs.js?body=1" for 127.0.0.1 at 2013-10-30 23:00:59 +0100
Served asset /jquery_ujs.js - 304 Not Modified (0ms)


Started GET "/assets/jquery.js?body=1" for 127.0.0.1 at 2013-10-30 23:00:59 +0100
Served asset /jquery.js - 304 Not Modified (1ms)
